加熱式
労働制
南十字
指図書
検査証
標準額
高度紙
何時間
価格帯
時間帯
数時間
二期作
日本人
年度末
入居月
大部屋
日本酒
出場所
流作業
大学校
学校林
千里眼
日本学
英学校
細川紙
一酸化
不均化
学校医
中学校
一次会
三次会
議政官
学校長
学校令
二重丸
世帯主
日本製
神習教
千両箱
差別化
中国人
八百屋
大部分
一等車
千分比
百分比
都市史
一戸建
交通局
会議場
会議所
修道会
全住民
全客室
分科会
勉強会
医師会
協議会
反省会
同好会
品評会
大都会
女子会
婦人会
学級会
学芸会
役員会
教授会
新年会
新登場
昼食会
残念会
理事会
生徒会
町内会
発表会
県人会
研究会
老人会
自治会
茶話会
観月会
評議会
試飲会
説明会
調査会
講演会
講習会
赤身肉
連合会
音楽会
停止浴
大文字
地区労
小学校
数週間
都市化
一等星
日本犬
中国史
日本軍
日本食
差不多
洋毛子
無花果
鉄刀木
作用因
一等国
副議長
一体化
二等兵
小中学
森林浴
大流行
一時金
十二支
新幹線
編入学
日本紙
三角形
案内状
文字式
三輪車
文化史
一院制
郡国制
郡県制
区分化
助兵衛
世紀末
備長炭
図書館
均田制
委員長
流線形
海産物
消火器
演出家
編曲家
財政家
賛美歌
起業家
転校生
電解質
音楽室
女学校
三十路
中国酒
一輪車
町村長
大統領
作業所
都市間
日本型
加留多
歌留多
都府県
出入国
前後半
一時期
部屋代
不手際
会社法
相部屋
男部屋
兵学校
入出力
投開票
輸出入
入出金
戦病死
登下校
進入学
集大成
米国人
日本円
上下水
送受信
中国学
大仕事
日本語
半二重
女文字
特別化
今朝方
夜去方
四死球
百合科
八百長
大時代
三和土
数分間
神学校
一等地
一目散
三太夫
三連複
八里半
十姉妹
四王天
出来高
法人化
二輪車
子会社
活動化
安保理
仕事人
部分音
紙一重
右左折
好一対
中国米
一定額
前後期
国立大
数個所
日本馬
行政府
人間学
八十路
都市銀
自衛官
土日曜
中国製
増減税
一等兵
作業車
不動産
日本茶
造形法
文字数
数秒間
生産国
熱湯浴
政府米
上下院
中国産
人類史
太刀帯
三等地
女性史
県議会
転車台
海水浴
足球場
日本勢
開発学
八重桜
町議会
一手間
七十路
七夕馬
九十路
二合半
五十路
五重衣
八重歯
六十路
四十物
四十路
百合根
百合油
百足足
動植物
新発意
立法府
日光浴
送配電
不思議
中小学
意固地
殺風景
能天気
能転気
英数字
日本刀
二等地
行財政
花文字
中山間
青少年
人間業
大学生
中高生
高大生
出入車
四輪車
下手物
飲食料
鉱工業
中長期
短長打
飲兵衛
刷毛機
農水産
教職員
農林業
長短打
上下流
集出荷
市場化
増改築
祖父母
海空軍
中南部
中全会
国公立
仮名序
新増設
米英軍
大学卒
仕事面
土師器
地頭鳥
絵葉書
仕入量
子局器
無一文
下野草
不死身
不見転
京言葉
仕事師
仕入額
仕切書
仕切金
仕置人
名女形
土師部
土産品
地団太
地言葉
大人舎
大和相
女子仕
屋根面
得手公
手間代
手間損
村八分
梨子地
沖仲仕
波布茶
波布草
浴衣地
海老天
海老茶
湯文字
無手勝
用部屋
田舎弁
番小屋
目文字
破礼句
福早生
自小作
茶香服
親父道
角行道
試合場
象鼻虫
貝独楽
陸屋根
陸海月
雨合羽
頭羽数
小法師
日本兵
得失点
昼夜間
治部少
中高速
病害虫
三重苦
売買春
中労委
農工高
風水害
旧住所
全人代
文理科
絶飲食
中小生
官公労
小中生
朝夕刊
高教組
不可分
全労協
内外政
生損保
発受電
陸海軍
暴風雪
本支社
消流雪
雨雪量
大高生
中新研
予消防
人非人
入出荷
入出院
全新研
原水禁
受発信
句読点
政財界
石南花
移出入
観世音
資器材
資機材
農園芸
近現代
鉄銅製
長信銀
長短期
上下階
上工水
不可説
中小輪
乗下船
予復習
低中質
入出国
入出庫
入出所
全交運
公労委
公調委
内外圧
内外航
内外野
出改札
出欠席
初中級
加減速
労判速
厚皮香
原工試
受発注
句歌集
商工業
商登規
商調協
国漢文
地公労
地制調
地労委
地婦連
士君子
外内言
大小寒
大小麦
太平楽
官公立
客貨車
山査子
山茶花
山野草
工工四
工鉱業
左義長
府省令
府県会
府県史
府県商
府県民
府県立
所基通
政省令
文武官
新改築
日英語
最大判
最長短
歩車道
民労協
水気耕
水遊泳
治工具
流出入
海陸軍
海陸風
炭婦協
燃材料
特政委
王太子
生卒年
男女子
病虫害
直研連
着上陸
移輸出
竹麦魚
終始業
経構研
経社理
義太夫
肥飼料
自府県
苦楽受
英米法
行行子
西南海
転入学
軽中量
輸移入
輸配送
農工業
農漁業
農牧業
農牧産
農総試
送受話
送変電
送配水
過不足
道府民
遠日点
遠近法
都安例
金輪際
阪奈和
陸空軍
集分荷
集運材
電事連
風水災
飼肥料
養父母
香具師
高中年
高冷地
魚虫類
時代色
頭文字
町村議
公取委
数学史
半身浴
右衛門
府議会
思案所
英国人
中国戦
自衛力
国家間
声明書
生産業
食後酒
時間差
生産力
口下手
昔気質
目茶暑
素寒貧
音楽史
新住所
大人側
行政上
十六夜
文化祭
保守化
親会社
右中間
利用駅
国家法
計画書
文書化
作業場
無人化
出来事
国際人
会社令
空部屋
親文字
大学祭
同部屋
一定量
雪花菜
横文字
独立語
複線化
大先生
人間界
居心地
黄金虫
観音水
代表戦
大学院
出来秋
商店法
八角形
外国人
居酒屋
南北朝
物真似
黄金色
話言葉
家族史
見真似
国際化
風積土
仕事着
府県連
土産物
会社員
力仕事
手仕事
区画化
小切手
酒問屋
秋冬物
出来心
手土産
海岸線
夜見世
夢心地
河原石
真似事
米問屋
花言葉
落葉松
角力取
土産話
岩清水
月夜見
水水母
田舎道
仕入先
仲見世
夏秋草
小太刀
川原石
庭仕事
波止場
着心地
顔見世
上達部
下仕事
不知火
丸屋根
乗心地
人心地
人真似
今言葉
仕事命
仕事歌
仕出屋
仕方話
仕様事
仕立屋
仕立物
仕置場
仮名書
仮名読
似関船
余所事
余所子
余所目
余所見
兄比売
入母屋
兵児帯
兵子帯
内舎人
円屋根
出打着
出来合
出来星
出来物
出来立
切手牛
切見世
初太刀
初時雨
初見世
刷毛序
助太刀
勝手口
勝手場
勢子石
口年増
口真似
口言葉
可愛子
可笑味
合言葉
問屋場
問屋組
国言葉
土仕事
土負貝
塩問屋
塩水雲
塩部屋
売言葉
外仕事
外様組
大人色
大原女
大和歌
大喜利
大時化
大舎人
太刀先
太刀取
太刀持
太刀風
太刀魚
女言葉
女部屋
子山羊
子百足
孫息子
安知女
家刀自
寄生木
富士形
富士額
寺息子
小山羊
小母手
小母顔
小羽根
小舎人
小豆梨
小豆氷
小豆粉
小豆色
小賀玉
小間物
少女子
局主人
屋形船
屋根屋
屋根岩
屋根船
屋根雪
山仕事
山独活
山百合
山羊皮
岩田帯
島百合
島言葉
川時鳥
川水雲
川海老
巣部屋
帯曲輪
平屋根
年増女
広小路
広屋根
広目屋
弟比売
張見世
徒士組
徒歩人
志都歌
悪香虫
愛少女
手弱女
手水場
手真似
打太刀
指言葉
数言葉
日不見
日向側
日向水
日和見
日和風
早言葉
明日葉
春夏物
春時雨
木太刀
木綿木
末息子
村時雨
条海老
東鳥居
板屋根
板発条
板羽根
果物畑
果物皿
枝折戸
案山子
桜海老
梅雨寒
梅雨晴
梅雨空
梅雨雲
横徳利
横羽目
歌真似
歌言葉
母刀自
母山羊
比売知
水仕事
水刷毛
水無月
水白粉
氷小豆
河岸道
河童菜
河童頭
油問屋
波戸場
泣黒子
注連縄
流行児
流行眼
浅黄色
海人草
海松布
海松貝
海百合
海羊歯
海老味
海老根
海老足
炭問屋
焼太刀
犬四手
玉海老
田平子
田舎女
田舎家
田舎話
男言葉
町小路
町言葉
発条下
発条指
白南風
白小豆
白山羊
白帯下
白独活
白生地
白粉花
白飛白
白魚子
目年増
真鹿児
矢羽根
矢飛白
石子路
石屋戸
石水母
石清水
石首魚
石鳥居
破礼話
破落戸
神無月
秋日和
空梅雨
立女形
章魚足
童言葉
竹小豆
粉白粉
糸問屋
紙白粉
素破頭
細太刀
細石岩
細石石
組太刀
織部正
羊歯油
美人局
美豆良
羽二重
羽根車
羽織物
耳年増
耳心地
草屋根
薬問屋
虫時雨
虫部屋
西曲輪
西鳥居
見世物
親父顔
角部屋
言葉屋
言葉数
谷空木
貸部屋
赤四手
赤太刀
赤小豆
赤屋根
赤母衣
赤水母
赤海老
赤百合
赤目魚
赤眼張
赤鳥居
走梅雨
走野老
身言葉
車海老
輪奈結
輪注連
迷子牛
迷子石
追羽根
部屋住
部屋係
部屋子
部屋数
部屋着
酒徳利
里言葉
野太刀
野山羊
野次馬
野良犬
野良着
間仕切
青二才
青屋根
青東風
青香虫
青鹿毛
面白味
面白話
馬刀葉
馬刀貝
高島田
魚河岸
鳥問屋
鹿子菜
鹿毛皮
黄味色
黄枝花
黄母衣
黄花菜
黒子男
黒小豆
黒山羊
黒母衣
黒百合
黒眼張
黒鹿毛
大葉子
大角豆
車前草
行政学
現金化
船問屋
実用化
中学生
無政府
菜種子
開発課
区間車
人類学
作業服
大人顔
代表選
女性学
中高年
記録所
高級車
都会人
過酸化
部品化
中学卒
中国紙
英語史
五倍子
開発力
村議会
世界史
作業機
流行歌
三行半
五角形
回転草
地下鉄
報知機
府県税
教育大
立往生
紀念館
自動車
自治労
自転車
観音竹
観音草
世利売
行動化
真章魚
言語学
文化街
洋画家
生産品
政治史
米国風
男性学
競売法
道中差
自然人
市議会
水産学
東都遊
火口湖
事業化
行政官
議運委
秋刀魚
流通学
目見得
計画力
行政法
不出場
代表作
地方風
農学校
工作所
統治国
作業代
出目金
弟切草
馬鹿貝
未通女
公開状
副学長
都議会
全日本
連判状
文学史
目的語
商品化
国際学
高等官
白文字
流行色
不生産
大祖父
都市型
時間数
公労協
公労法
公選法
国大協
大山木
大風子
安近短
暴対法
正反合
独禁法
真行草
破防法
落花生
過現未
道交法
道府県
風営法
生活史
洋学校
分類学
人間力
数寄屋
化学車
早少女
前次長
相談所
史学史
教育史
西海岸
代取印
音楽学
無人駅
真田虫
黒文字
代表制
画一化
米国製
女子大
仮議長
現代風
世界化
出版史
公有化
受任国
左中間
部門長
大祖母
大所帯
議定書
白木耳
組織化
案内人
細分化
目的税
大学令
一身上
登記所
東洋史
中国化
保養所
学問所
講習所
停留所
教習所
配送所
地方病
刊行物
作業船
三味線
小学生
相手方
米国産
一体型
国際法
化学式
固定化
流行語
教科目
持続化
識別化
成人病
活性化
野生化
十石犬
流動化
仮想化
分節化
現住所
肥大化
具現化
協業化
完備化
実写化
永続化
直交化
日本間
政治上
下知状
作業料
千代紙
近衛府
仮住所
小学卒
信用状
法人税
副首相
中国語
現代化
混合薬
会計史
一安心
文理学
理化学
統治領
生産物
試合玉
相手側
自分史
海水湖
時間表
商品学
不格好
外国官
外国風
植民史
商店街
人文字
自然学
外国法
外国米
門下生
営業所
寺小屋
月光浴
二口虫
経営史
発生学
地方銀
人民元
成人式
再生産
教授学
手足浴
遠眼鏡
生産財
利用代
連合国
京都風
作業員
中学年
信任状
成人力
安定化
英語学
時代物
社会史
化学科
作業費
千石船
注文書
国民化
自然児
音声学
感謝状
単一化
仮政府
進学校
外国製
小間使
母子草
満天星
竹似草
事件化
動力因
工業化
最終章
未来史
中心街
解任状
委任状
寄進状
招待状
血判状
送付状
運送状
地方隊
自国製
政治学
新人類
副大臣
委員会
勉強家
米国戦
流通業
卒業式
水産業
三角州
七変化
交通史
現実化
中心線
仮出場
大学路
文法化
短期間
外国産
自然法
共同店
外科学
卒業生
畑仕事
開発部
地方選
文化財
夫婦間
印刷史
建築史
売春史
貿易史
大日本
社会人
数種類
留学生
自国産
事業課
音楽祭
読書史
一等親
三交代
中医薬
代用品
代表格
休日数
低炭素
光学式
光造法
分類法
加減算
卒業月
印字器
四重唱
実用品
得意客
所属先
所帯主
所有主
技術屋
技術工
最重要
月下香
業務歴
県交通
給料表
職務歴
自負心
調理人
配属先
高積雲
国際年
角細工
音楽家
教授法
利用額
都区部
体制化
代議制
旅客車
文学館
大型車
強化米
東海岸
集中力
活版本
成型品
医師法
高等科
長期間
化学品
四半期
無声化
人間像
公用化
今月末
非国民
医学史
試験官
生活学
中心力
意見書
卒業年
比目魚
天文学
活動家
副社長
同区間
総合力
市役所
内陸湖
女性語
副都心
特別法
作品集
青写真
造船所
利用料
教育学
大谷石
大宮人
事業家
自然食
評価書
合成酒
出品酒
住居学
府兵制
文章法
理想型
独立国
中学部
社会化
音楽界
森林官
労調法
再開発
飲食店
非常食
回転灯
生物学
自国領
人間道
前夜祭
森林法
実体鏡
小型化
強力粉
意気地
境界駅
有界化
小部屋
音楽隊
住所地
加重型
東洋学
数学科
国際科
仏弟子
輸入国
新成人
実体化
料理酒
大入道
金光教
期限付
水酸化
作業量
地方紙
成績表
国連軍
機関車
生理学
英国製
一本気
文法学
地方税
調理酒
集中型
生産費
鉄道史
野球界
混成酒
明文化
報道官
流線型
利用費
使用人
入力法
現代史
一本化
音楽科
営業課
顔文字
地方色
地上駅
二重線
公開法
言語力
茶屋酒
会計学
司令官
雑木林
道路法
快気祝
火山湖
短歌化
国際語
反発力
国際線
教育書
現代語
大人心
計算書
比例式
代議士
英国産
入院代
出版法
税区分
営業力
受領書
婦人病
個人史
無計画
営業車
正面図
薬学史
連立法
転貸借
拾得物
表記法
自然石
愛国心
言葉質
酸化鉄
東洋風
統計学
通信国
用品店
次元界
類型学
出世魚
大神宮
自然界
産業学
副読本
政治家
歯学史
高度化
大家族
市民法
総合医
最終戦
経営学
発電所
区間新
無所得
産業省
軍用車
不調法
旅行業
飲食業
大自然
出場給
年金課
文章家
案内員
白紙化
戦略上
非課税
反対語
社会学
修理業
常得意
金市場
古文書
南日本
関係式
新商品
人文学
外国語
加減法
労働法
新方式
実験所
森林帯
馬鹿力
中心位
保安官
内面化
未来学
今週末
副主席
高級紙
事業団
評価力
指文字
非対象
検察所
文字列
会計法
不自然
政経学
組織学
観光学
原生代
漢数字
製造所
自営業
天理教
代数学
大分類
大回転
寄付金
活字本
不細工
人間味
情報化
外出血
観察眼
政治界
住所録
南西風
事業所
利用票
国際色
料理学
運動学
陸上戦
下町風
居住国
選挙法
黒字化
選球眼
生字引
構造湖
目的地
逆光線
希望学
学習学
分光学
再入力
新世界
職業病
失敗学
輸入業
政治局
正常化
国民車
調査官
公示学
天文家
文字種
種類物
上海風
建築学
発声学
美食学
防衛学
広告学
大陸法
分岐学
積分学
考証学
貿易学
造園学
測地学
輸入車
不安定
開発費
保育所
医学所
夏時間
布教所
小細工
清算所
養生所
大使館
来場所
検問所
給油所
講義所
外国紙
守護所
評定所
配電所
小学部
最高額
月例会
高性能
死産児
法制史
英語科
切断面
時間制
科学史
検査官
機関室
小道具
文明化
多角化
調査書
多様化
集合物
文字絵
昭和史
絵文字
管理官
仕事先
社会法
旅行家
林産学
法学科
設計書
会議室
無気味
運転士
生産量
使用税
大森林
森林戦
無用心
米国化
事務官
所得税
広島風
今時分
不課税
検察官
事実上
明確化
医学館
野生児
最新作
野球力
北日本
銀河団
中性化
文学界
生活力
学園祭
借家法
混血児
反逆児
在園児
早産児
肥満児
音楽部
適正化
乗車駅
人工湖
保護国
外交団
病院船
最終作
計算式
実用車
運用法
写真史
有害化
活発化
自由化
非営業
手工業
議員団
使用代
組織法
高速化
数表現
計算力
共和国
出場校
旅商人
放送法
実体法
先週末
不夜城
表示法
計量学
不文法
水不足
自国民
説明書
婦人科
通信業
表街道
反対色
新聞学
都市美
期間工
水上戦
複雑化
地上戦
議会制
出版業
大人数
指導官
絶対化
調整法
図書室
熱化学
保証書
現金額
有期間
自然長
面接官
管制官
小切子
丁子草
七面鳥
三七草
三体詩
不用品
不競法
中央口
乗下車
九官鳥
九輪草
二重唱
五味子
五葉草
仏前草
体育園
使君子
信義則
修道女
健保法
先日付
入会地
公安委
内内定
出産費
前前回
前前月
動物相
医科学
千石豆
千金草
半夏草
半日花
南京虫
南京豆
南氷洋
厚保法
合田草
告白本
和大黄
和漢洋
和田草
四国麦
四季鳥
四角豆
団子虫
国対委
報連相
売気配
夏灯台
大中小
大司農
大司馬
大心菜
大桜草
大王松
太陽鳥
女奈太
学教法
学用品
安衛法
実父母
家労法
宿日直
寒山竹
小千鳥
小松菜
小白鳥
居飛車
山東菜
岩苦菜
川八目
序破急
意地悪
投資口
指定月
接続草
提出先
提出法
政活費
教基法
文通費
料理団
断食月
日日草
日精草
日輪草
早合点
明治草
明電舎
時計草
月長石
木工芸
栃内草
根切虫
梅毛虫
梅花貝
業平竹
極楽鳥
機種変
正職員
死番虫
毒人参
毒空木
気送管
水銀鳥
決明子
法親王
消費税
灯台草
照葉木
熱帯鳥
犬小屋
玉羊歯
理美容
生食水
産育休
田字草
田村草
病医院
白丁花
白南天
相思草
相思鳥
眼奈太
福徳草
福神草
秋分草
筆防風
筆頭菜
節分草
糸球体
紙八手
統連合
総司令
総文祭
美人草
美男子
群青色
肥育場
能開法
自分事
花勝見
花大根
草連玉
菜種菜
薬師草
衣食住
西洋梨
解夏草
豆象虫
豊後梅
財形法
買気配
買言葉
賀正草
赤鉄鉱
車百合
車輪梅
軽種馬
通条花
連理草
運動場
遠近子
野大根
野良豆
金時豆
金糸梅
金銀草
金魚草
鉄工所
鉄線草
鉄道草
長丁場
陸海空
雲切草
電信草
額空木
風船虫
風輪草
香雨鳥
馬追虫
高年法
高総文
高調子
鹿鳴草
安全学
親任官
引用法
出資法
新入生
連合軍
破産法
方面隊
決死隊
定義書
目的物
外科室
長方形
接続法
正当化
都市鳥
平方数
無作法
建設法
無害化
寒冷化
正統化
均質化
相続法
銀行法
防止法
発声法
禁止法
部次長
登記法
禁酒法
強行法
思考法
仮定法
単行法
反復法
対照法
清算米
測量法
問答法
弱体化
改作法
救護法
消去法
積算法
評定法
先月末
精白米
黄変米
救助米
直接税
愛読書
内科学
構成国
事業部
栄養物
野球部
両方向
合意書
地方馬
入院費
報告書
多言語
指示書
公用車
工場法
四川風
決算書
生物界
行動力
古代湖
消費国
証明書
採用書
正則化
申告書
航海法
戦勝国
機関長
発注書
解説書
通告書
要望書
記述書
通知書
上申書
入門書
答弁書
内申書
復命書
必読書
指南書
星雲団
検案書
特定国
精算書
評議員
栄養分
女性型
有名人
学年末
産出国
敗戦国
数表示
文学科
後進国
移入国
移出国
輸出国
実行教
自然金
実測図
四角形
工学部
新世紀
始末書
理想化
交戦国
十字軍
女性器
家族制
参政官
団体戦
情報学
文章語
公立大
一個人
下車駅
副町長
回転機
加減物
旧本館
条件法
機関紙
四国犬
会計課
新生児
大発生
共和制
現次長
非金属
未開発
生活科
自然死
代議員
六観音
形式上
総生産
短時間
軍事史
国文学
健康酒
大阪風
料理店
三河犬
医学生
同意書
現実界
長上下
労働力
英語力
外科医
新生面
産業祭
精神上
軍用犬
英文学
生活型
史学科
昼食代
使用額
新発見
見物人
近地点
助教授
所得額
定着物
自然体
粉末酒
条件付
家族歴
直営店
目的犯
特約店
現行法
直売店
高飛車
食前酒
地学科
変化形
参考書
地形学
新入学
教育家
原始林
歴史学
酸化物
人造湖
本格化
男性型
国民軍
関東軍
合法化
氷河湖
複合型
代理店
有声化
細工品
汽水湖
計量法
通信科
季節品
食堂車
女性観
報道局
女子高
旧体制
国民科
半夏生
実質法
男性器
本部長
女子力
県知事
政治力
音楽士
指定年
小型車
貿易風
中古車
大発見
前年分
農学部
国税局
兵法家
中道化
長時間
開発元
副所長
保守色
不燃化
生活線
事務家
機関部
不用心
工作車
文章力
無生物
通信局
確率戦
輸入品
一昼夜
安定感
人民服
使用料
複線型
学芸大
自動化
予防法
考課表
発電力
出版局
再来年
東北学
高祖父
高校生
加工業
席次表
管理課
神通力
記号学
保安隊
年賀状
国民服
労働省
副園長
土佐犬
復活祭
旧大陸
再来月
保護領
地下駅
対応力
家族数
最適化
検査院
合同式
高等部
学生服
仲人口
表現力
法学部
選挙戦
実験式
平和学
産業界
国防色
決定力
自然数
保安林
重水素
副総理
新体制
記念祭
記念館
感謝祭
合成力
親言語
副走査
三角波
管理業
大道具
居住年
国内城
軍用金
一元化
代行業
高校卒
学習館
強談判
軽音楽
非公開
新生活
管理力
六角形
古文学
中心地
昼夜帯
公用人
常設館
無効化
銀行家
生命線
交流戦
近代史
国文法
民主化
電子化
副校長
形成力
感覚力
外食業
着陸帯
伝導帯
日数分
減速帯
対話型
止血帯
底意地
試作品
営業部
好材料
体験型
停車帯
機構学
事故米
製造業
新教育
音博士
会計科
記名式
工業所
多世帯
観光業
英文法
育成課
司法官
国内法
整備課
流動食
多方向
指導課
地質学
組織力
得点力
鉄道駅
暴風雨
放送業
登山家
貨物駅
世話物
応用力
経理課
年前半
採用課
新大陸
逆転力
司法法
理解力
指定医
鼻音化
入浴車
天文台
兄弟分
絵本館
作業着
配送法
工業国
実行力
会社印
出発駅
新分野
大集合
守護領
周辺帯
適応力
下宿人
復元力
小説化
共通語
判別式
構想力
男所帯
不得意
感化院
事務局
交代式
歌合戦
残時間
研究生
訓練生
寄進物
精進物
対象年
連結車
実社会
整備業
使用費
告別式
投手戦
来月末
入団式
入園式
卒園式
始業式
実物大
終業式
組成式
起工式
進水式
道議会
発言力
自然銅
外国馬
建設業
育成力
判例法
支度金
現代文
軍事化
酸化数
建築業
接客業
注意力
作用素
指導力
教育令
広告業
空元気
競争力
売春業
大公開
大型犬
測量業
興行業
質問力
共感力
採石業
空運業
試験車
輸送業
造園業
運送業
配送業
判断力
輸出業
回送業
復原力
解決力
強制力
支持力
守備力
副士長
取材力
研修生
一直線
団結力
証明力
防衛力
保持力
公法人
説得力
新記録
思考力
転向力
学園長
府知事
決断力
発想力
空想力
統率力
親和力
包容力
受容力
持久力
歌唱力
演技力
読解力
輸送力
集客力
中年期
工作室
相場書
給水車
代理業
改造車
連接車
配本車
対向車
指南車
教習車
散水車
護送車
輸送車
配給車
実習生
銀行業
回送車
植木屋
物理学
受験生
市街化
行列式
副食物
手術室
神学生
練習生
苦学生
課税額
修練生
在園生
在校生
教習生
特待生
職業高
落第生
転入生
文学部
国鉄型
地球史
報知器
高祖母
所在地
地方版
限定戦
全国一
飼料米
営業税
省力化
案内役
府県制
運動戦
新機能
直流形
感動作
特別車
生命力
分水界
適用年
副理事
表示灯
金属製
社会科
協力隊
帰着駅
相手先
検査科
理工学
複素数
六神通
青銅器
給付型
停車駅
昨年末
作曲法
学区制
成年式
本会議
新元素
国会法
復帰戦
表現型
民族化
機関士
短大卒
人文科
上陸戦
活動費
低所得
女生徒
通信制
流灯会
防衛戦
国民制
投石戦
持久戦
非居住
具体化
文学書
安全帯
乗用車
地史学
保護室
実験室
居場所
成長線
飲食物
相続分
交通省
最終財
着陸灯
公用語
多次元
技術家
進入灯
前期末
放電灯
未入力
武道館
国立校
独立財
工事代
調査団
製作図
三文判
次月末
事務室
昼行灯
酸化銅
様式化
初期化
国内産
観光科
開始年
文庫本
真四角
七福神
貨物車
航海灯
管理局
火食鳥
念持仏
行商人
現代病
新弟子
差集合
土木科
音楽堂
混合林
勝負師
休養林
分子式
産業医
混交林
演習林
合理化
魚市場
往生際
朝活動
回帰年
風雲児
帰国年
転属年
配属年
馬鹿面
旅客船
研究科
電話局
総日数
考課状
基本法
持久走
資料館
特許状
回帰月
年始状
文明病
放送室
解由状
黒印状
水素化
研究家
保護犬
計算法
小気味
運動家
量産型
研究室
飲食代
大陸国
非対応
地球人
開発職
万能薬
旧機能
養老院
好人物
建設科
漢文法
一筆書
総所得
開業医
年金額
建築科
公会堂
島四国
記者室
放送局
直観科
効率化
測量科
修養科
輸送科
造園科
分散型
海洋学
不足額
投資家
飛道具
薬物学
未分化
構造化
水兵服
編集力
自部門
計算月
不人気
予約型
好機会
愛好家
指導室
努力家
建築家
美食家
近代化
実習室
節約家
交際家
動物化
調理室
液状化
空想家
走査型
作画家
作詩家
商業学
多読家
夢想家
実演家
歌唱家
造園家
電話線
官文書
変光星
統合型
談話室
休養室
燃焼室
航海科
試着室
応接室
接見室
改良型
給湯室
自習室
財産上
副教材
連動型
低次元
列挙型
構成素
好男子
発動機
事務所
複合語
加工品
歴史家
読書家
念仏堂
入場税
美術史
印刷局
下士官
軽量化
天元戦
死場所
長期化
不美人
貯金局
過去史
再評価
定年制
売春街
再発見
分類表
固形物
記者団
思想史
太政官
送信機
信条史
戦国史
教義史
薬局方
属国史
心性史
成形型
編年史
地元学
東西制
大手術
本土化
居住民
無意味
君子人
星月夜
移動型
海洋国
筆頭人
月世界
安全灯
新所帯
再入学
同期生
加工紙
五大湖
選挙人
不成立
外語大
少年法
奈良学
化学賞
火山学
終電車
弁護団
研究医
合唱団
塩化鉄
身体上
最小化
医学科
助成金
部局長
雪景色
修理工
船員法
野生犬
重化学
選手団
行政職
新感覚
血液学
軍事学
無条件
好条件
非表示
複複線
家族観
事務長
特性化
使役犬
司令部
救助犬
計算機
武士団
徒競走
給付金
部課長
建築線
鉄道業
代用食
研修医
大勝利
回帰線
前総理
十字路
合成紙
給電線
送電線
配電線
文庫化
測地線
非適応
中等部
不連続
指導医
町火消
不健康
現首相
半母音
自然観
新技術
製作費
問題化
当直医
皮製品
心理学
青天井
熱機関
事業場
学年制
再輸入
情報戦
無関係
地球化
直接法
児童館
野球場
下級位
公会議
前職歴
四天王
対象月
帰任月
年税額
松平状
法定休
着任月
薬事法
転属月
通信機
配属月
開始月
情報局
寄宿舎
万灯会
初場所
復帰作
最新刊
殺害犯
法医学
世界新
出演作
属性化
和楽器
精神病
非加熱
回転体
国防族
中古品
保安員
児童学
海草類
出世作
仕事場
軍楽隊
機能語
主演作
大八車
投手力
新元史
時計学
南西部
現代書
非売品
打物業
最小数
非合理
名字化
長崎学
保育園
中立国
横回転
水産物
長電話
使用量
民族学
河川法
書記官
民営化
農業家
高土間
人種化
生化学
大成功
無期限
管理人
記念品
乗車代
右心室
代行人
運転手
大発会
新発売
通信路
変動帯
水戸学
製作所
成功金
小意気
工事料
不快感
保護色
無愛想
新思考
不利益
不適当
新造語
個性化
慣用語
真人間
不満足
付属品
商工課
大逆転
自働化
知識人
桜前線
正規化
支給品
通信士
初体験
在庫品
地下室
芸能人
個個人
複製品
出版物
同居人
器量人
歴史戦
古書店
三遊間
古道学
世界観
公有制
保証金
都心部
実生活
航空法
大正解
協力金
多方面
講習堂
九州弁
大商人
鉄道林
配当金
工場長
水中戦
西洋史
本総会
試験紙
白地図
高学年
海兵隊
周辺国
新興国
非加入
不参加
多角形
地下街
活用力
発行人
調整金
家屋税
当選金
真昼間
停年制
植林紙
保証人
職区分
追加料
医科大
情報科
受信人
発光紙
線形化
写真店
感光紙
転写紙
非常線
局所化
代八車
男子力
不合格
出資金
早生児
世話場
今世紀
政治屋
洋食化
最終便
老眼鏡
予約金
理想家
再教育
国営化
辞書学
検定制
酸化銀
通行人
世話人
再計算
関係図
塩化金
大予言
木質化
現象学
大往生
活動量
料理人
出入口
交付金
神経学
配分金
美女学
連合体
個人戦
大王戦
国鉄色
小売店
政治観
準備金
量子化
分配金
禁酒令
経産婦
解約金
長談義
加算金
持参金
反則金
登極令
前借金
老人学
着火材
側用人
常議員
観賞魚
旅行客
夢物語
国語学
商売人
管理下
保守料
民族間
仏国製
副知事
兵士長
大気差
総理人
調理場
記事化
進出色
大航海
実験台
多人数
天王戦
国有化
手作業
機械化
非常識
相続人
物質界
集金人
予約制
保佐人
支配人
書道家
共産化
弁護人
清算人
副主任
後見人
神話化
規格品
配達人
伝統酒
個人差
公述人
検量人
運送人
集配人
国民歌
左前打
平面鏡
内服薬
共同体
経験歴
関税法
居留民
発起人
等身大
技科大
交代制
造船業
海中戦
登録制
税金額
再起戦
大便酒
無料化
非参議
地上波
許可制
外交上
農工大
代言人
招待制
独任制
配給制
望遠鏡
非等価
代理人
動物学
単眼鏡
天眼鏡
球面鏡
人参酒
内言語
最高級
過半数
高周波
標準化
薬用酒
集合族
不信任
事務員
予防線
大親友
教会堂
法典化
特別料
仮条約
薬味酒
全国紙
内科医
国定制
多重化
営業員
海軍力
総本部
製紙業
転出民
原住民
直接型
移入民
移出民
転入民
遊牧民
副参事
団地化
直方形
雪合戦
無事故
現大臣
事業費
小手先
話題化
理科大
平均台
受領証
有料化
果実酒
無関心
適法化
営業費
非公式
試合球
主人公
軍用船
定式化
川崎病
生命表
理事官
適性化
規格化
道路族
議会費
母国語
不注意
暴徒化
漁業法
塩素化
工事費
標本化
多極化
少子化
義務化
不戦勝
問答集
序列化
時間給
副食費
対角化
不特定
常態化
短命化
神格化
固形化
平準化
暗号化
不活化
共進化
具象化
分極化
学習歴
官営化
小子化
属国化
属州化
属領化
弱毒化
形象化
有理化
正典化
減容化
産科学
角質化
高金利
対戦国
不支給
不消化
合議制
内製化
不調和
不賛成
不適合
不整合
不養生
不信心
不整地
人力車
女体化
合成語
会計士
予想紙
小麦粉
強行軍
仏国産
常備軍
火薬学
用語集
薬学科
生態型
空中戦
出生地
入場料
現実感
計算器
方言学
発電機
牧場長
重母音
家政学
不始末
新素材
海外勢
都知事
分社化
周波数
地図学
中間色
学生街
非同期
大百科
大明神
支配下
美人画
助産院
新聞紙
通学先
参考人
過熱器
保全法
試験台
非暴力
指示薬
目的格
機能水
点火薬
回復薬
設定法
課程制
小役人
追加費
武道家
駅馬車
先発薬
再統一
生物型
前線面
学協会
歯学科
海兵団
二等親
二等辺
作動薬
常備薬
消毒薬
茶道具
点眼薬
自立語
解熱薬
造血薬
不気味
管理部
不相応
進水台
三原色
三等親
三角柱
写真家
医薬品
銀行員
人生観
業務上
天王星
小正月
会議費
労働歌
工作物
老年学
非正規
町道場
飲食費
学院生
不同意
機動戦
競馬法
空間群
赤富士
制定法
航空病
都合学
本場所
競争法
公文書
飲料品
国内線
計算額
書道界
解決法
取得法
先先月
博物館
技術力
地元産
武家領
算定法
記入法
中高校
発想法
算出法
配達法
歌唱法
死生学
非素数
領事館
千秋楽
財産法
都人士
文章体
中世代
保守費
少年院
修理費
楽天家
氷点下
英単語
玉案下
機動隊
一神教
百貨店
農政学
不風流
再生紙
博物学
未来図
条件式
本人分
再居住
調査士
無限大
決算月
植物学
記号素
経営士
非線形
新世代
飛行機
作曲家
医大生
三者間
医学部
総力戦
仮計算
評価表
農作業
人事官
風土病
香港製
電話機
地理学
人種学
犯罪学
薬理学
年金勢
省人化
新人戦
分数式
塩水湖
文芸学
空手形
口語法
不用意
現法相
注意報
空気質
自家製
不公平
最低額
副課長
知行所
人一倍
書店員
自動式
協和音
考古学
加入月
指示語
編集人
接続語
付属語
人員表
通信社
造船科
再選挙
情報力
大業物
民間学
現外相
借用語
混合比
転成語
光化学
対象額
出版社
国土法
対数表
木工作
電気業
中央線
法人格
採用月
支給月
現社長
表面化
乗馬服
照明士
例外法
文明国
法制局
不足分
形態学
受信機
土産屋
問題児
管理士
精神科
評価点
自然銀
英会話
医学書
医大卒
保険法
導入部
職業観
近点月
小売業
知行国
西洋化
商法学
学習材
写真業
暗緑色
経理部
採用部
所得顔
飛行士
主管部
不作法
海水魚
衛生学
遊園地
小径車
英作文
減速材
発熱材
集成材
固着材
法改正
色眼鏡
行進曲
化合物
古代学
主計官
課税地
毒性学
緑黄色
山小屋
決議案
竹夫人
景観法
天南星
本調子
加速器
練習曲
教科書
生一本
合唱曲
指示機
興信所
民法学
町長選
高分子
悪材料
印刷機
受給額
通信料
焼死体
製図機
大人化
同意語
発信機
電話帳
測定機
画用紙
練習機
名人戦
精米機
印字機
始動機
小説家
待機機
眼科学
造型機
制動機
受像機
圧着機
採炭機
改札機
植字機
照準機
精算機
給湯機
給炭機
耕運機
製氷機
複写機
起毛機
輸送機
集材機
保健所
細工所
火山帯
授産所
無風流
科学省
交通路
保安器
法科学
選挙会
言語野
出水管
公民館
測候所
前口上
非識字
非営利
参加代
満足感
電気灯
非現業
原動力
銀世界
兄弟子
木製品
分国法
再検査
式次第
教養学
英文科
完全米
君子国
太陽風
訓練士
出血熱
支店長
教育長
神話学
魚類学
体育館
要入力
記念物
空中線
門弟子
高調波
井戸車
最前線
浅草紙
建造物
放水路
無利子
地名学
無意義
参院選
古道具
生世話
事故死
口上人
自然光
日程表
比電荷
技術書
生態学
通行税
伝送路
体育学
塩化物
送水路
電話代
休職月
小便器
提出物
回転子
整備士
計測器
印刷物
放生会
特定物
終着駅
炭化物
交流会
建築物
準備物
科学科
美術館
親馬鹿
入学式
混合物
理工科
広告物
栄養学
航空業
配達物
営造物
小発作
送付物
保育士
場所代
建築士
国防費
判定士
弁護士
農業国
公使館
設備士
測量士
町役人
速記士
製紙所
鳥類学
再出発
通関士
生薬学
商業界
国技館
原体験
公約数
代用魚
大多数
気象学
水族館
新刊書
民芸館
竹細工
学習帳
筆記帳
航海路
芸術学
交差位
図像学
口上手
知識学
相続税
保健学
織物業
管楽器
気候学
混雑税
代書人
交通死
加算税
園芸学
水文学
想像力
配付税
入湯税
生活費
証印税
目録学
人相学
育種学
出荷物
顔面学
検地帳
鉱物学
地政学
病理学
再発行
家具店
岩石学
教義学
毒物学
病因学
修辞学
勇者学
博言学
地文学
変分学
弁証学
政務官
旗章学
本草学
水理学
算命学
美辞学
考現学
脈管学
薬力学
血清学
観相学
金相学
陸水学
雪氷学
食塩水
航海士
代表印
始生代
単行本
秋田犬
人事課
書記局
無調法
低学年
通行代
電子戦
再表示
電気科
小料理
東西屋
生命体
分隊長
漢文学
全自動
通産相
再配当
財政学
人類愛
再実行
人物画
課題曲
無所属
銀白色
出産代
朝刊紙
鏡文字
不正確
公式戦
社会面
始発駅
役不足
航空戦
仮製本
都大路
生兵法
作成代
教育費
評価版
再調整
好青年
想像界
減額金
未成年
失血死
保険課
再作成
残業代
電波法
町役場
鉄道員
耳学問
平行線
航空隊
外交官
上得意
不良品
通信員
小型犬
住居費
再提出
小具足
通院代
再修正
給油代
守護代
運送代
再交付
再配分
沖縄学
再出力
再登録
再集計
仕事量
公用文
再面接
再分配
再申告
大本営
再清算
消費財
再試行
再通知
再始動
再精算
再起案
再輸出
工作船
無感覚
非日常
関係先
夢想歌
編集部
逆回転
進軍歌
未来像
通信費
消防官
東国風
混合財
軍団長
給付額
電気街
初対面
実業家
判例集
南京玉
漢字力
再出向
原動機
工作図
事務器
財産家
出国税
天才児
女学園
特別給
感覚器
全社員
参加数
仮想水
精製水
少年団
青年団
初生児
道州制
歴史書
同級生
無得点
加圧水
減塩水
点眼水
運営費
電解水
薬学部
調査船
広報官
低周波
安心感
特別費
無制限
原産国
雑所得
税支給
運動会
高山病
一口話
古典風
等測図
主税局
海洋科
首長法
対象社
活字体
複合体
初会合
前首相
多島海
無理解
組織案
銀馬車
資料室
総利益
精神力
空港税
予定額
新天地
研修会
計量士
調教師
均一型
無配当
算定式
算出式
自走式
複写式
設計図
開院式
電子科
弁当店
証明証
夜会服
市街戦
許可証
声明文
借用証
内陸国
基準法
医師職
心理戦
道具屋
受信器
下級生
歯学部
選考会
電気線
構造家
愛好会
新小説
機動力
競技馬
左官科
建設族
無意識
競走馬
出走馬
向上心
練習会
運動野
帯同馬
競技会
航空科
交易会
祝賀会
現役員
送別会
防衛族
仮約束
中間財
暴走族
副市長
無投票
長打力
状態図
統一感
商用車
定員法
実定法
無試験
旅行記
運動器
両成敗
原作力
本様式
農地法
進行波
西洋館
同期機
海外給
前句付
告示波
連結器
会議録
定着液
有機米
歩行器
屋台店
調整器
外祖父
無反応
農政課
玉手箱
司書官
合計額
力不足
平均額
無自覚
鉱業法
無記入
複数形
商学部
技術士
無演算
無防備
見聞録
物価高
実体験
実労働
筆記具
総合職
参事官
折紙付
西洋学
飛行船
中前打
夏場所
定額制
当世風
終身官
想定額
法務官
財務官
弁務官
分光器
判任官
医務官
大民族
民部官
護民官
軍務官
指示器
検出器
特別職
愛弟子
調理器
書記素
不面目
未来形
反応器
来年末
製図器
日曜紙
極地法
保育器
好景気
発信器
防護具
保証額
未発表
消化器
分配器
多年生
村役人
混合器
加算器
空念仏
精米器
共鳴器
加熱器
発光器
乗算器
受容器
変成器
感知器
投石器
整流器
断続器
検温器
照準器
積分器
節電器
給湯器
製氷器
足温器
送話器
造血器
国連旗
人造米
自治領
決勝打
商標法
特許法
近衛兵
印紙法
北西部
労基法
関連法
修辞法
公立高
句読法
命数法
和議法
地公法
均田法
天測法
対位法
属人法
属地法
市易法
弁証法
慣習法
指話法
救貧法
正書法
水耕法
海商法
熱帯林
記数法
財特法
限時法
配当額
高山帯
成文法
高機能
旧正月
自由国
先住民
買問屋
流星雨
神道家
参加料
規定額
民活法
一大事
変節漢
公共財
食肉類
調整額
期待族
財政法
車内灯
功労金
低価格
地形図
構造式
中古船
回復期
洋品店
組織図
実業界
決算期
石竹色
過去形
代行料
大夫元
出資額
労保料
変動月
多面体
支給期
月単位
朝食付
赤信号
青信号
黄信号
混雑期
参考式
国博士
極悪人
半減期
外資法
無声音
固定額
移行期
幸運児
現象界
関係調
橋本病
血色素
交通船
新卒生
政治犯
新生代
自民族
万葉集
交付額
取得額
食生活
魚貝類
空約束
連合野
気化器
小麦色
支給額
消化額
証明額
遊歩道
申告額
借金額
加算額
損失額
合算額
減給額
精算額
送金額
病弱児
電子線
食肉店
経産相
助変数
部活動
全国型
短編集
資産家
階級制
衛生課
送信先
特別賞
村役場
姉妹店
大食漢
後頭部
生活給
仮命令
再編集
仮投票
命令形
温度風
送風機
陽明学
府立高
教会史
神経戦
着火点
同時犯
組合法
進化形
統一体
所属長
給水船
連用形
保管船
練習船
国外産
次世代
活用語
着陸船
測量船
独航船
発行料
共感覚
進行形
仮調印
身代金
仮登記
多神教
保険業
入浴料
原油高
天主教
実語教
路面店
仮約定
仮定形
保証料
地下水
工作員
新様式
達成感
散歩道
終止形
受信料
主力車
作用点
動物界
工芸家
悪条件
旧保険
手不足
現実味
相関図
観光客
単板類
球根類
再製茶
多毛類
根菜類
両生類
円口類
参議院
地衣類
希土類
果菜類
無足類
線虫類
花虫類
葉菜類
電力所
頭足類
食虫類
測量図
配線図
乗車便
武士道
未計算
白米病
文具店
説教師
通行料
世話料
旧長期
仏具店
植物帯
調理師
教育相
不完全
授業料
王室歌
東大卒
衛生車
布教師
売上高
伝道師
屋体店
海上戦
火加減
興行師
整復師
調香師
調査員
仮分数
川上犬
文芸家
雑貨店
箱提灯
通話料
作成料
石材店
国民兵
月行事
非常口
夏神楽
七曜星
九曜星
材料費
航海図
資本家
精肉店
調整分
飲料水
工務店
対応表
試験料
飛行場
不動点
古生物
均等法
消防車
経産牛
生花店
出演料
茶道家
前大臣
接続料
機材車
留守録
太陽年
栄養食
無一物
書記長
横断面
計量器
銀行勢
仏文科
受験料
有機体
解約料
講演料
塩化銅
着陸料
課金勢
調味料
接種料
月面車
査証料
入港料
入館料
受講料
学問料
入漁料
移転料
運送料
不必要
組織長
声楽家
西洋風
条件文
固定客
大好物
新人会
土産店
全責任
版画家
公害病
現在地
不親切
関東馬
地上職
夫婦仲
広報車
逆比例
長期戦
工学科
検査員
出向料
電器店
防犯課
五輪相
招待客
原子病
安全器
姉妹車
口径食
実年数
張本人
保健課
全真教
女子校
実業科
季節風
総務課
黄熱病
予定表
管理表
労政課
財務課
労務課
副村長
参加費
料理長
相当額
軽工業
基本数
外交家
新字体
暗黒界
取引法
神経科
決議文
無気力
地理院
前半期
塩加減
軍資金
不自由
給食員
原資産
一家言
再保険
主計局
管理費
現女王
制動輪
文学賞
初等部
単語帳
気象病
相談員
博多帯
未指定
高水準
国語科
絶対量
基本額
幹事長
新教徒
予報円
事業主
歴史画
農民車
配水場
手当額
内接円
外接円
無責任
先天病
給食費
乗船場
季節病
草野球
金満病
血友病
雪上車
医原病
夢遊病
歯周病
習慣病
象皮病
黒死病
写真集
適時打
学生歌
試験場
合計表
整備場
地質図
無神経
黄金数
山水画
運転席
計算手
旧名字
水加減
予想図
水運車
内弟子
夏布団
新聞屋
受験場
原画家
決勝戦
石炭車
練習場
開放感
新社屋
競技場
計算量
豊年祭
競走場
水泳場
興行場
停留場
大車輪
安置場
採石場
放牧場
演習場
金準備
集荷場
利子額
本年分
地元紙
気動車
炭水車
土運車
投光車
救急車
活魚車
特命車
社用車
自行車
軍務車
通風車
金馬車
放送員
留置物
金解禁
着色料
空相場
全紙面
好事家
植物界
営業職
新聞種
色立体
機内食
基本図
大物車
感覚点
初一念
客商売
方程式
研究員
民主制
不均一
入学金
家庭科
県立高
運動員
接待費
小旅行
燃料代
資料集
下世話
出発点
関連費
協力費
実業団
一昨年
写真機
不均質
不適任
構成員
地下道
解放感
交通費
反省文
研究費
平均点
明細書
絶望感
連帯感
自治法
円運動
静止画
愛犬家
研修員
通用門
老大家
戦術家
不得手
友好国
軍事力
新古車
芸術祭
内国産
学生証
中二階
実支給
理事国
緑地帯
英字紙
山法師
整備員
横兵庫
白色金
口上書
女官長
指導員
美術家
親組織
前法相
回転角
後続便
旧商法
調理員
質問表
春節祭
芸術家
作成費
大前提
入居地
小夜曲
集計表
研修費
植生帯
集金員
村民税
形成体
支給表
試算表
謝肉祭
赤道祭
軍旗祭
一婦制
参照表
口約束
自画像
分相応
判定表
配達員
乗務員
照合表
算定表
賛助員
通知表
対照表
二流紙
園芸家
大資本
固定費
定期金
弓道家
人工林
出張費
思想家
愛妻家
文筆家
気候帯
落語家
経世家
育種家
無風帯
実務家
社交家
野心家
低木帯
前外相
夢判断
器楽家
平方和
武術家
事相家
作庭家
名望家
国文科
売文家
好角家
弁証家
弓術家
愛書家
書法家
漁色家
演唱家
演芸家
男色家
発毛家
知日家
能書家
取得費
記念章
短波帯
丁字帯
不感帯
中波帯
次画面
順位戦
黄道帯
万国博
取材費
前社長
変化球
防衛費
広告費
交際費
接種費
設備費
通院費
理事長
転居費
養育費
移転費
運送費
天上界
犯罪人
大火災
旧民法
下相談
調整点
地元民
科学部
側面積
最下位
住居地
社内報
大本願
洋式化
国保税
航海表
国産化
制作所
加工糸
新開地
水防法
大気波
情報屋
出向費
水平面
研究所
訓練所
下水道
地電流
新平民
事務費
学芸員
注意点
副会長
半永久
陸軍力
天気図
慣用音
無力感
期待感
空売買
銀河戦
紀元節
弟弟子
予知夢
司教領
定率法
経過点
初節句
時計台
熱帯魚
自殺点
気苦労
不景気
改正点
海運業
金属器
不正直
不要品
交差点
生長点
発火点
集積点
夕食代
機械機
留意点
給金付
分岐点
引火点
査定点
自責点
落第点
起算点
中止犯
大事典
重工業
赤外線
会話体
修道院
方眼紙
関東勢
下宿屋
個人型
投票所
月額表
移動費
観測所
入社年
寺社領
両院制
単独制
府民税
女道楽
出張所
運用益
未完成
協同体
節博士
航空機
貨物船
定例会
後始末
印刷所
外用薬
朝残業
公用物
参事院
本通夜
逆求人
定時制
体外式
給水所
百面相
練習所
中隊長
合宿所
冬布団
工芸科
学院長
投機家
代数式
決定版
運輸業
消防局
不燃材
生成熱
筆記体
加入員
料金表
都民税
開村式
逆輸入
体技心
単勝式
単発式
始球式
市立高
複勝式
観兵式
暗黒街
美容院
未達成
流動体
好都合
変形体
多角柱
保険医
後妻業
発光体
受容体
家庭医
接合体
新銀河
日中戦
重合体
労働量
製鉄所
説明文
未対応
追分節
助産士
調査票
中級位
本年調
理学科
社員数
陸運業
海運局
水運業
現町長
倉庫業
空取引
旅館代
不定期
鉄工業
名演技
正規軍
物質波
編集長
区長選
信号灯
動物園
土建業
基準局
大天使
歴史観
遊技業
青果業
主夫業
製糸業
下検分
前景気
相談罪
生花業
旧石器
母集団
産科医
常連客
美術界
内大臣
大災害
感想戦
不器量
両国間
自然美
未決定
非合法
高品質
声楽科
深海魚
実相界
大音量
反応熱
移動体
職業校
会話文
上気道
無表情
井戸水
手羽元
深夜業
芸能界
回帰熱
過保護
社交界
燃焼熱
作用量
電気銅
財産税
軽合金
防風林
日台戦
観察使
回教徒
大司教
老人力
外野手
前局長
旅興行
出版屋
分子量
手数料
新態勢
不可能
引用文
検事局
馬小屋
公表版
全天候
局地戦
道具箱
高圧線
国有林
暴力街
衛生科
高山国
大総統
心技体
有気音
相場師
立体図
最強戦
人工語
国内勢
名義人
大全集
陸運局
費用額
大静脈
過形成
営林局
切口上
限定版
大寒波
大辞典
野鳥園
写生文
大動脈
発令文
大内記
大経師
広告文
無造作
話半分
国手戦
支城戦
新馬戦
早明戦
特許局
白兵戦
雪中戦
法務局
海水温
財務局
労基局
平方根
指定校
理財局
原材料
天然林
雑記帳
声音学
不足金
公証人
重量制
安楽死
時間休
気化熱
提灯屋
最大手
接待婦
水銀灯
貿易銀
市立大
議院法
集魚灯
常夜灯
照空灯
未経験
空手家
走馬灯
管財人
総会屋
評価損
農作物
便衣隊
救急隊
暴力団
親衛隊
形態素
漢方医
入力例
急病人
発頭人
行旅人
未知数
特別席
横領罪
車両長
物流費
後生楽
旅客機
未発行
外出先
居住地
水商売
電位差
児童書
原生林
義勇軍
不適切
光行差
羽布団
知事選
牛小屋
年会費
暴行罪
機械科
再来週
問題作
活用形
強要罪
改良版
放火罪
競合罪
内野手
常勝軍
反逆罪
直輸入
親告罪
責道具
新知識
重犯罪
再軍備
路側帯
再導通
理想像
再年調
変動額
未定義
未実行
反体制
接頭語
保険税
非人情
新石器
新建材
新皮質
最寄駅
沖縄戦
道産子
借入額
防火林
保険金
市民税
未設定
防雪林
現所長
未確保
広報室
最貧国
少年期
福建風
自治制
青年期
未確定
未発給
体育科
少人数
接客婦
日用品
未回答
機械室
分流器
売春婦
植民地
作成先
紙細工
食養生
仕切状
熱伝導
電気代
情報通
全速力
功労馬
少国民
情報量
不合理
復帰先
東商戦
構造色
直行先
出張先
未検出
状態量
固定給
武器科
総統選
未提出
質問先
無資格
電王戦
助産婦
未解決
古武士
事務職
取得先
未登録
入手先
白血病
未受験
支給先
未申告
植物園
美術科
転職先
参照先
未清算
申告先
予備選
未算定
未記入
未受講
初任科
未精算
発送先
老夫婦
転出先
転居先
配付先
寄港先
格子造
花電車
複写先
返送先
送付先
送金先
配送先
区議選
反比例
全音階
導火線
取引業
休職給
多重星
所番地
消防団
航空路
防衛相
園芸科
農水族
対象物
復興相
慣用句
自公民
大火事
耳鼻科
芸能科
無農薬
理数科
病理科
光通信
出向先
性病科
手当金
救急科
独文科
無失点
工芸品
同心円
夕飯代
年後半
水茶屋
教育職
現在高
行事所
電車代
表面積
遠心力
小火器
標準法
航空士
全体図
金属音
漢文力
美容科
会場費
二極化
地平線
製造元
手入力
前役員
複数犯
保健室
現総理
人事部
上下動
無利息
十手人
海王星
織女星
朝食代
移動先
人格化
副頭取
理容室
重役室
写字室
好成績
栄養素
無重力
位置覚
無定形
公家領
無理数
資料代
直行便
無任所
無定見
無辺際
外来語
長屋門
労災法
美容室
食事代
公立小
眼科医
機動船
青海原
不明確
実費額
最低限
直通便
研究心
女学生
時短法
機械語
高学歴
売手形
林産物
職安法
経由便
基本形
水準器
入管法
活社会
四川飯
立体感
北米勢
特例法
基準線
保管庫
正教員
商売気
立体画
貧民街
沖積世
始新世
完新世
底気味
特飲街
中新世
総兵官
葉緑素
信号所
理科室
食人種
君主国
未加入
選挙屋
院外団
暗黒色
美少女
交通量
大団円
標準語
作成元
出身国
日記帳
自由科
通行量
取引額
同性愛
道立高
同族団
不健全
性悪説
運動量
交雑牛
去勢牛
競争心
医化学
資本力
相当数
広東語
明後年
公有地
土用波
活性炭
在来線
王室費
生放送
自制心
追求心
食料品
実行犯
分団長
年平均
参照元
物品税
原告団
首長国
手続法
転出元
家庭薬
道具方
陸士長
海綿鉄
総選挙
共有地
最年長
養親子
社務所
静脈血
資本金
雑種犬
五輪旗
支部長
出発地
動脈血
小天地
消費量
衛星国
炭酸鉄
留置場
現国王
制動手
取水量
指定職
道民税
基本料
縄文犬
許容量
消防長
牧羊犬
多義語
秋場所
歯科医
出向元
心理士
練習量
刷毛目
産出量
二院制
同義語
発熱量
共産国
書札礼
輸送量
人気順
対角線
重電機
観光地
類義語
反意語
反義語
対義語
混種語
類音語
不道徳
子午線
放物線
星雲線
等圧線
等深線
芸備線
陽極線
等高線
前室長
回想録
伝習録
速記録
手形法
名店街
食事会
人面犬
保健医
親日国
事務方
暴行犯
当番医
都立高
放火犯
確信犯
回転計
予告犯
問題集
絶好調
仮名文
実験校
主治医
病理医
公務所
発火石
特産品
素人目
関西馬
上限額
洋数字
空気圧
話題作
変電所
理容所
公事所
公議所
冷暗所
自主国
講武所
航海記
行在所
酸性雨
求心力
出荷量
生返事
助産師
半人足
衣料品
順位制
仮養子
美容所
師団長
過去作
不都合
家電品
表題作
移動量
副部長
水平角
生活苦
空手着
定期代
戦犯国
居留地
次回作
現時点
正反対
先進国
標題作
野心作
物質量
多毛作
会心作
学位令
試運転
法治国
夜想曲
試験地
仕事給
当事国
電子波
留守番
準名人
目玉焼
役職印
産油国
運用術
代行屋
柱状図
野草園
令制国
支分国
歌祭文
気分屋
受験地
保険額
配水管
集散地
技師長
入金額
経由地
保養地
帰着地
古本屋
売文句
正方形
高画質
司祭品
相当算
首長令
総本店
検事長
入社月
前職分
基準月
過去問
酸性紙
長命草
客室料
教養人
単安定
鳥小屋
美術品
文民制
下級紙
明太子
犯罪歴
阪神間
漢方薬
現理事
芸術品
試験管
冷水器
写真屋
変動費
支社長
理学部
寒気団
後発品
君主制
重戦車
同分母
境内社
旅団長
種種相
原子力
消化管
給水管
連隊長
主教品
大隊長
小隊長
水線長
漁労長
空士長
鼻下長
謝礼金
個人票
完形品
民芸品
点灯管
導波管
戦利品
整流管
易損品
火工品
紙工品
送気管
面目玉
直線形
間接税
日数計
評価益
防災士
児童期
教区長
予算額
年功制
地価税
完全数
公共心
明細表
総回数
大広間
海士長
不正規
空軍力
最多数
軽快車
県民税
過労死
風信子
首長制
同音語
国産米
戦時下
徳政令
現人神
水準点
意志力
楽天観
側面図
芸術力
公定力
上質紙
気象台
長大息
留置所
日刊紙
地理書
木炭紙
燃料費
印画紙
標題紙
食連星
真実味
熱電子
中質紙
公民制
外字紙
感熱紙
総得点
羊皮紙
薬包紙
業態力
大目付
料理屋
水平線
区長会
新古品
現行犯
解像力
下半身
準社員
風圧力
公信力
前女王
起電力
作中作
全日制
色指数
志望校
民間薬
苦労人
制球力
男子校
断頭台
逆進税
血液型
不衛生
不規則
固定子
平和賞
調度品
印紙税
貸金庫
技術職
荷物車
証取法
人頭税
自由業
鉱区税
鉱産税
授産金
識別子
小馬鹿
示談金
報労金
天然色
学資金
任期制
内出血
総動員
接合子
教会法
整流子
殺人罪
演算子
等化子
変成岩
小休止
混成岩
寒帯魚
望遠魚
低品質
寒水魚
汽水魚
遠海魚
酸菜魚
全体像
多聞天
多面角
積立型
六方焼
広告屋
解体屋
原画集
具足屋
運送屋
有声音
日配品
大和心
中性紙
合気道
後日談
支部会
王族制
形容句
水時計
下手人
人面魚
経営職
夕月夜
便利屋
朝食料
教養部
高血圧
外交員
光子力
当番制
正教会
満州語
責任感
重量感
総決算
終身制
主観色
直談判
家産制
物理量
位階制
体節制
国郡制
大証金
州県制
条里制
氏族制
王民制
職階制
複都制
読会制
輪番制
総練習
静力学
総辞職
漢文典
色素体
不時着
標識色
経歴書
兵科色
昼光色
社内便
借入金
公教育
問屋街
小児科
金相場
休耕田
実事師
関西勢
信号機
明清楽
火田民
総本家
和漢薬
学術書
検査役
武道場
神楽歌
軽金属
整備兵
植木職
課田法
低価法
学士会
中間子
時給制
神経質
親族会
小動物
応接間
親類書
管理職
不本意
立方体
外野席
武勇伝
不導体
同年代
立志伝
小作料
帰休兵
地主制
柱時計
名言集
文例集
規程集
不義理
体育会
南半球
水素水
個人技
最大数
通常期
伝統薬
総務部
白玉粉
来週末
法務部
財務部
不成績
原産地
相談役
室内灯
混合気
軍令部
小市民
逆相続
残日数
議事所
不評判
状態犯
逆転写
不品行
不条理
不見識
勝負事
不世出
不可逆
不徳義
不等号
不等式
初期型
箱馬車
不戦敗
南米勢
進行係
有理式
父兄会
示性式
量子数
九谷焼
打席数
番外地
短期戦
部落民
一転機
主戦場
大目玉
電気量
修身書
動物質
心意気
円相場
書院造
電信機
水道業
組織液
後発薬
電動機
台所犬
学友会
上水道
演芸会
結合角
観桜会
中力粉
予備機
春場所
水圧機
青波布
化工機
全判機
内燃機
副局長
単葉機
合糸機
美術書
複葉機
調速機
起重機
通風機
小協商
水防団
参加賞
理由書
土佐節
明朝体
鼻眼鏡
有毒魚
業務員
予想屋
公証書
区議会
特効薬
制酸薬
家伝薬
点鼻薬
外務員
辞令書
内野席
意向書
公務員
工具書
県議選
在家役
無能力
血統書
損害額
結合価
虫眼鏡
技芸員
日額表
用務員
光伝導
研究職
光重合
倍率器
光量子
福音書
可変長
政体書
深夜族
世話役
受容野
複文節
知行役
念仏講
金本位
性格面
定員数
先着順
基準額
事故調
技術校
青梅綿
市長選
乗組員
実数型
電気版
文教族
限度額
変動給
丸眼鏡
置土産
男友達
航空便
国産車
銀時計
分教場
順序数
保険証
定比例
修正液
旅費額
前町長
国保料
経理職
編集子
現像液
消化液
保護司
後見役
殺人犯
南洋材
指南役
消毒液
感光液
電解液
申入書
質量数
酸素酸
結合則
仲間達
高速道
不具合
先高観
下限額
心肥大
月給額
下属音
厚生費
有休数
有給数
老年期
素因数
定足数
年休数
有理数
配位数
利息額
花伝書
快適感
月平均
健康体
今様色
経国集
組合員
花粉管
厚労相
入道雲
給料額
原資額
有機材
現在安
空気弁
複利額
年調額
王位戦
意味深
重金属
逆手形
断熱材
和歌集
小前提
西半球
松葉色
正月屋
支保工
衛生士
仮出所
自意識
楽天地
白河石
直輸出
流星群
禁漁期
内容物
弁当代
大阪弁
直方体
電力量
青道心
基本給
定期便
阪神戦
北洋材
辞書形
電線路
東北弁
手道具
単位円
守護神
消防士
東半球
植生図
平面図
大番組
地勢図
産婦人
左心室
総重量
貿易商
主題図
平土間
白頭花
自治州
短日月
糸切歯
酒石酸
心電図
税法上
立面図
葉茶屋
貸本屋
際物屋
資本財
代理商
口語文
古戦場
説経節
風土記
北半球
陸半球
室内犬
定数歌
可能額
上半身
小野路
口入屋
寺子屋
波状路
花札屋
花板屋
中型犬
金平価
金雲母
町村会
横様式
前所長
思春期
白血球
定率税
無言歌
資料費
入社式
愛国歌
電子管
安全弁
栄養士
星状体
不在票
無化調
家具屋
所要額
円関数
太夫元
大政所
百物語
自力門
労組費
農水相
道化師
前照灯
指定席
修道士
丁字路
現知事
過電圧
不十分
有効長
先安観
形式犯
低画質
利息算
技能士
保健士
貸付額
税理士
罪悪感
気功士
身柱元
労務士
社労士
前画面
弁理士
得業士
技工士
救命士
救急士
活弁士
海技士
発破士
計理士
黄緑色
大和絵
代書屋
得意顔
高高指
貸金業
大矢数
反物質
身分制
切手屋
過去帳
大福帳
正比例
白文帳
商用文
最後部
太陽熱
所司代
税額表
競馬場
銀舎利
弓張月
格文法
立待月
副室長
正税帳
編集職
要注意
水路学
製品化
要提出
住民税
保険料
人別帳
相当税
要印刷
工程表
上調子
村長選
現参事
校倉造
要申告
周期表
紙提出
準決勝
下級財
実戦型
酸素水
救命具
無機質
紙申告
人相書
仕様書
基準表
市街地
旅程表
国旗歌
大見得
借入先
時定数
酸性水
太史公
未入金
機能美
不信感
過入金
低体重
洋服代
感無量
平野水
間接水
路線価
使命感
天然水
本人印
中生代
口語体
仮年調
有利子
印紙代
総資産
線香代
有意義
自治体
町民税
反戦歌
外輪船
番号表
女学院
女手形
死生観
氷河期
滋養分
枝番号
軍事費
過年分
主題歌
周産期
季節感
木版画
花鳥画
道祖神
静電気
変声期
男根期
重圧感
院政期
読後感
徒労感
温冷感
無形財
静物画
標題歌
最年少
活人画
用器画
資格証
法楽歌
祝勝歌
動物体
有形財
自由帳
車検証
弁当屋
指南番
高地戦
原形質
上級生
土産代
洋風画
衛星波
軽火器
所有格
新人賞
武家役
低血圧
多血質
悪液質
鉄板焼
前国王
交番表
農機具
功労賞
空景気
反切表
速算表
金種表
炭酸水
波動水
小作人
秋入学
総領事
文人画
居待月
基準面
運輸族
修法師
悪天候
信号器
居留守
団地族
世間体
成果型
標準型
短音階
経験則
失速角
安息角
白昼夢
小荷物
外登証
手細工
決勝点
伝馬船
名乗字
性教育
古生代
女友達
農耕馬
寄生虫
無機酸
重種馬
順序型
先進波
高速代
社長印
室内楽
平面波
追体験
切絵図
王公族
社用族
自由財
食人族
原型師
鉄火場
重力波
花火図
個体群
和集合
電気石
低農薬
取引士
気候型
球面波
取引先
洋食屋
子宮口
有機酸
季節型
実務型
整数型
経歴文
直列型
親切気
不安感
消防船
現課長
真正面
漢文体
外資族
天花粉
熱血漢
紀行文
前理事
貨客船
孫弟子
小海老
内地材
受話器
仮見積
世間師
借地料
生保料
美顔器
集光器
分度器
変圧器
復水器
投光器
救命器
検電器
消音器
測深器
測角器
登高器
角質器
集音器
電熱器
初元結
曲線美
白色光
買注文
逆効果
低燃費
神経管
塩素酸
赤新聞
写真賞
灯台船
相似則
取調官
配電箱
全面安
行楽地
公立校
得意先
出力順
単文節
一毛作
悪左府
入小作
始発便
感想文
通気口
玉虫色
大黒柱
美人計
長音階
定食屋
動力車
土気色
深緑色
標準形
西洋画
水銀柱
好色本
熱気球
間欠熱
民事法
結界師
関西弁
取水口
大局観
塩水選
準平原
無常観
社公民
小品文
重火器
健康美
受領印
辞令文
雑貨屋
行程表
快男児
正念場
準長石
遊女屋
土建屋
正月物
連体形
法界屋
石炭船
経師屋
防具屋
表具師
意向形
消息文
上級位
待合所
歴日数
申出書
能楽師
転職組
内航船
民用船
油送船
特務船
特種船
設標船
遊漁船
修験道
入木道
外耳道
明法道
易行道
紀伝道
早場米
好色家
府立校
未然形
絶対知
単数形
多辺形
先入観
通道観
相弟子
活字版
地面師
小屋組
歩合制
実手形
水先法
語学力
単調族
風水師
総目次
急停車
黄表紙
総目録
保健師
快活力
銀行印
副産物
能楽堂
表面波
農産物
青松虫
定常波
間氷期
気功師
講談師
熱応力
宮大工
理容師
農用地
連歌師
公事師
向心力
金工師
反復説
大師堂
正選手
演歌師
流出説
予約席
満天下
上級車
角時計
美容師
水平器
損保料
特急料
社保料
市議選
特許料
大人役
世間気
身分帳
車両費
健保料
準会員
香味料
救急料
土石流
土佐絵
天主堂
持仏堂
信号場
貸付金
差出人
重労働
好色漢
高速船
国交相
可能形
単独犯
国産品
見本帳
風成土
出張願
秋春制
支石墓
火事場
筆石類
変曲点
支給願
春分点
火消役
秋分点
酸性塩
投機師
辞職願
遠地点
前受金
組織球
造形美
絵図面
寒冷地
常居所
天元術
公安職
手計算
立会人
同位体
同族体
空出張
教会長
日当額
好色物
平面体
病原体
構造物
常備菜
海綿体
荷受人
指人形
教則本
弓道場
酸素量
葉緑体
鏡像体
倍数体
前葉体
同素体
松果体
毛様体
社交場
紀伝体
線条体
編年体
良導体
葉状体
信書便
球技場
共重合
熱帯夜
競輪場
遊技場
労役場
庭球場
検車場
演芸場
貯木場
集童場
車井戸
雑損失
行基図
追試験
日米戦
赤血塩
白鹿毛
主調音
声門音
逆関数
最小限
原子量
世話係
不可測
夕刊紙
見積額
白日夢
文語文
家政婦
自主練
後生気
赤提灯
出身地
周波計
県立校
石高制
性決定
身分証
美意識
下半期
試金石
火山岩
親切心
大黒天
打楽器
業務量
歯車車
現市長
能力表
形式美
予科練
目安箱
中仕切
大名芸
国有地
人事職
料金所
財産犯
銀河群
風成岩
減圧弁
燃料弁
運動着
夜汽車
銀本位
手羽先
電流計
不人情
真空管
角銀鉱
月例給
手配師
名物男
民有地
赤血球
任期付
最寄品
里神楽
太陽光
終列車
人工物
安息香
成功談
常住着
動物記
民生費
買人気
名題下
火薬庫
分光計
真分数
大浴場
先進地
大荷物
複名数
比色計
手加減
貸出金
日時計
社有地
遊水地
可耕地
官有地
用務地
半線形
不要物
旅芸人
見目形
旗行列
野武士
上半期
議事堂
古古米
市立校
軽犯罪
水圧管
道徳心
光電管
弁当箱
毛細管
伝声管
改良種
栄養費
格子戸
最大限
丸合羽
家具調
消息通
取引場
文語体
千鳥足
天眼通
人件費
失敗談
近日点
前知事
国務相
前頭取
約束事
資材費
寒念仏
衛生兵
近代詩
熱容量
光熱費
茶飯事
野性味
教会員
正義感
発想術
計数形
予備費
速記術
共益費
労務費
役務費
福利費
後半期
科研費
助産所
白雲石
飲屋街
星雲群
水道代
岡場所
受付印
必要費
公害罪
半電池
美少年
航海術
個条書
半導体
節度使
伝書使
古民家
出初式
前参事
年功給
明細票
陽電気
役者絵
負電気
花時計
水道水
積立額
多年草
末代物
王代物
義勇兵
宿根草
半整数
複数個
半音階
自由形
個人印
古事記
無名指
年代記
受取人
心雑音
競売買
絶不調
国産材
年中組
順養子
直線美
組合費
神経節
光電子
手形帳
無機物
大逆罪
高気圧
現村長
店屋物
自由詩
古美術
成果給
未開地
成果物
保健婦
規定例
有機物
検事正
引受人
引当金
取引所
小作農
目分量
初任給
毛織物
仕付糸
消防職
白雲母
肉用牛
下足札
能率給
実績給
取得月
役職給
内務相
有益費
無形物
業績給
記入例
職務給
職能給
属人給
職階給
院宮給
外務相
多能工
表六玉
水和物
総務相
有形物
単色光
青果物
可燃物
天産物
有体物
無体物
無水物
行番号
陸産物
法務相
財務相
軽電機
陽電子
軽気球
白雲岩
仲買人
借受人
受取額
大博打
差引額
救急箱
帯番組
商取引
国外犯
学会員
長崎絵
生意気
重量級
調整池
得意技
連続犯
日単位
小作地
帳面面
前課長
多数決
手料理
導関数
電信柱
原油安
給水池
取調室
貯水池
手紙文
東宮職
待合室
技能職
単本位
油絵具
生得説
赤花科
総務職
判取帳
興農牛
家庭着
船大工
手修正
法務職
辞書順
海事職
税務職
応相談
土倉役
緑柱玉
出世頭
天然石
向学心
道立校
顔写真
功名心
求知心
昼顔科
油菜科
不断草
現会長
過失犯
社保完
興信録
車前科
重機械
見積書
心得顔
上成績
略礼服
数個月
菜種科
名付親
技能工
白粉下
故意犯
親近感
言行録
季節工
思想犯
軽量級
計歩器
常習犯
知能犯
迷信犯
重過失
酒屋役
原風景
方解石
緑柱石
金緑石
魚眼石
黒曜石
兵六玉
水道料
近親調
下属調
間取図
見取図
都立校
飛鳥京
草競馬
自治旗
根無草
風物詩
出身校
商慣習
商習慣
薬種商
計数器
太極旗
内親王
大道芸
写真術
外種皮
内毒素
小町糸
積立金
全職員
名門校
内祝言
燃料計
町議選
出無精
赤電車
出不精
測天法
無限遠
後頭葉
接頭辞
散文詩
定型詩
切取線
正電気
直定数
職員室
自乗根
対州馬
百合族
酸性岩
西川材
親水基
用務先
後部席
北京飯
古物商
住民票
物自体
不用物
意味合
料額表
底辺校
外貨建
村議選
関心事
新製品
開集合
紙工芸
社説子
予備校
板目紙
多色刷
不能犯
重力子
電機子
人鳥類
多足類
小物成
小直衣
貧毛類
走鳥類
消息子
分生子
単極子
着道楽
配位子
安山岩
深成岩
火成岩
順不同
産土神
国事犯
先場所
花火師
正社員
公倍数
生毛体
金地金
学部卒
方位角
貸付料
半風子
石炭紀
広目天
学会歌
広東飯
人情本
最大級
中性子
中性岩
光復節
地久節
天長節
手工芸
自由席
博多弁
星取表
平行調
買建玉
接平面
構造土
逆行安
区民税
前市長
禁治産
議事録
休日給
仮受金
借受金
手付金
手切金
現頭取
真犯人
水酸基
仕入書
同位角
低気圧
測量標
能力給
水絵具
平面角
週平均
武者絵
円周角
有所見
眼鏡絵
球面角
点取虫
停車場
防寒着
書院番
登山口
二等車
紙風船
鉄格子
手文庫
職人芸
豆台風
残念賞
信号旗
犬張子
犬追物
多様体
中量級
前頭葉
社会悪
水様液
人工雪
早見表
救急田
筆無精
手弁当
名人芸
側波帯
暗反応
町村制
綿織物
手取額
戦犯旗
現部長
地動説
手塩皿
引落先
日章旗
赤間石
船首旗
星条旗
連隊旗
属国旗
木地師
仕向先
造物主
断面力
水面計
申立書
再手形
光電池
所作事
具体例
立太子
母性愛
絵日記
無礼講
計数管
貸布団
自検断
出合頭
先天説
助手席
天守番
前成説
天動説
星雲説
音義説
後成説
性犯罪
数個国
前村長
配当落
特等席
電力計
手信号
出会頭
大東犬
直接費
引出物
園遊会
歩合給
両性愛
人待顔
議院石
上手物
共時態
受動態
能動態
週単位
工作買
上級財
手荷物
父性愛
絵草紙
肉体美
逆日歩
牧羊神
気管支
午後休
最上階
人情味
生計型
産官学
主要動
最上級
定小屋
断面積
松根油
出小作
無限小
代理母
職員数
始祖鳥
教務所
分解能
植物油
金切声
目付役
先先代
庭木戸
仕入帳
前会長
新体詩
電算紙
現局長
水位計
原子価
散形科
制水弁
栄養価
常連組
短水路
利休色
国産物
立見席
自身番
人国記
機械油
引去額
不死鳥
午前休
多国間
指定休
断面図
都議選
鉄無地
動力学
借家人
救世主
遠山里
切手代
金額表
学会費
悪感情
丁子油
綿実油
火打石
波打際
護身術
取消料
読心術
開頭術
単衣物
圧力計
安徳水
豆板銀
主成分
電算機
豆電球
豆名月
角度計
正条植
石切場
船着場
馬力船
好酸球
反陽子
黄銅鉱
上長印
赤色土
不可知
暗赤色
年月数
置時計
木目調
絵仏師
功過格
笑上戸
勝負所
肉用種
題目講
鉄面皮
現室長
鉄雲母
五線紙
文科相
首実検
信用貸
学部長
業界紙
正会員
鳥羽絵
夢見師
指物師
色事師
軽業師
体重計
在来種
側頭葉
階統制
令夫人
品貸料
借上料
根出葉
出放題
肉団子
回路計
生計費
積雪計
血圧計
不整脈
比重計
真空計
前部長
造反組
風速計
雨量計
波長計
読取機
高度計
歩数計
引立役
熱量計
体温計
光度計
内証話
電位計
電圧計
油圧計
苦肉計
晴雨計
反間計
差圧計
検流計
流速計
流量計
測色計
球面計
空城計
脈圧計
負圧計
雲高計
電量計
風向計
手内職
規格判
明天子
留守電
速度計
不心得
積立休
下馬評
温度計
上級相
部長職
手織機
近点年
有休残
有給残
年休残
連文節
迷子札
量水標
主力組
自作農
菜種油
消防組
用水路
水温計
固有種
旗指物
心字池
順序組
置手紙
不動心
制服組
水量計
五辺形
人差指
測歩器
測程器
力量計
変関数
給茶機
半製品
古筆切
赤玉土
必要悪
職員録
泣上戸
二刀流
高利貸
夏期休
祝言能
不身持
練製品
一刀流
永代売
夏季休
季節休
次期防
京鹿子
貸農園
局長級
貸倉庫
貸証文
陸軍始
総目付
鳴物入
見立絵
絵手本
門外漢
似顔絵
気圧計
大首絵
木戸番
部長印
聞上手
評定始
公家悪
大理石
絵手紙
理気説
用水池
見当識
売仲買
動力計
講書始
留守居
様子見
区役所
絵空事
連綿体
外反足
糸状虫
公文所
前係長
見放題
鉄平石
線量計
内反足
仕放題
現係長