年度
学校
時期
南門
手取
生毛
白化
神社
空間
立場
西門
読書
谷地
都市
雲油
代取
化薬
多答
打切
早雲
港運
神習
緑園
走電
足球
転車
配荷
電計
黄犬
部分
書方
時代
部屋
半年
年内
住所
海岸
大体
期間
先生
文化
公園
大学
部門
地区
前後
会社
作業
委員
今年
区間
時間
国家
国立
相手
右中
今後
商店
作品
手前
病院
中学
正面
中心
市場
名山
何月
当時
同県
高級
食後
代表
本社
品目
大寺
毎月
県都
次長
意地
麦酒
出入
数字
開発
小学
左中
前年
音楽
部品
計画
畑地
公会
区分
方向
前日
大口
自国
人口
入院
事業
場所
野球
仕事
進学
教員
中年
都会
右上
今月
会館
父親
直後
長年
平等
月曜
物語
近所
打者
台数
家族
商品
方式
学長
次元
冬期
方形
道中
回線
年下
入力
世界
何日
書写
平方
遊園
勉強
明太
安定
教室
道内
同時
文章
本部
分化
年上
外科
海外
地金
森林
使用
去年
運転
反対
手数
前週
首相
日曜
前夜
南東
相場
身代
茶屋
人生
本気
年金
院内
悪化
地上
方面
活動
食前
話者
天文
組長
今週
土台
行使
黒字
内部
国道
左下
道路
科目
会見
学区
行方
食品
前線
面子
同日
他動
工業
新曲
学園
小売
正午
東洋
全米
都県
名前
手首
中部
地表
主人
何人
何円
何度
集中
南海
多数
今夕
生理
円高
運用
路上
白黒
定着
回転
半数
市道
等分
後日
都内
同月
県内
本人
毎日
中等
空気
人員
先週
来春
自分
時雨
他行
今夏
外野
林道
通学
東遊
番地
社寺
半分
同社
南西
休館
公用
対立
長男
先月
北湖
年間
学年
分野
社長
都心
他県
客間
道県
年長
大台
相対
社会
本当
道具
時分
上期
午後
局面
部局
多面
路線
投手
安全
中宮
県道
公明
真夏
下期
深夜
県外
風車
両県
反発
土木
実体
南湖
今夜
人物
電流
同市
昼前
記者
同区
地元
出馬
工事
文物
家屋
薬草
車線
駅員
死後
新入
毎朝
銀行
中立
入口
毎夜
地中
西南
男子
発生
今春
国定
勝手
用語
場面
平年
意味
本来
今秋
大使
転用
西国
強化
旅行
直前
手当
短歌
赤字
円形
向上
意見
空文
元気
物流
書店
午前
活気
転石
人道
新年
中世
全国
夜半
味方
生来
本音
発見
先日
大空
役員
教科
実家
所有
登場
次男
全部
明朝
分子
新聞
下放
会場
調波
内生
天元
入場
対外
先取
心身
下町
新生
来月
前住
大国
役者
夜中
着工
平和
打線
頭金
上部
古代
同店
北方
今冬
内科
感心
曲線
今回
全線
発表
文字
木立
医薬
小手
区部
実力
後楽
高校
立正
緑黄
王室
両方
発動
合同
平日
乗用
今度
本丸
近年
母国
少数
乗車
本日
緑風
次第
出来
上皮
元年
軽水
下宿
土曜
海水
父子
新米
馬油
主思
上食
先山
対子
少半
店里
弓歩
弱半
有平
毛止
湯円
白薬
短工
空頭
苦力
茶母
茶語
長服
黄米
金曜
大物
早朝
水曜
役場
花見
語内
乗組
太古
事実
区画
生活
前回
頭数
来秋
鉄道
自身
木曜
近日
前期
実用
来夏
毎秋
火曜
同夜
全員
古都
生前
多少
列車
集合
次回
先年
内心
反面
古来
毎回
先夜
始終
上来
今代
本月
次月
毎分
毎秒
雨中
後年
県土
車中
計上
教育
計算
分科
自画
手帳
州都
間出
国内
画用
公開
組合
波形
原動
昼間
学生
文明
水中
先着
図表
小麦
後手
集会
土地
起動
大気
病中
両市
弱者
打点
表記
大王
真実
南北
用品
何階
市歌
中央
山行
本年
下車
気色
里山
行動
今朝
地場
短大
記号
内定
指定
今日
中止
行商
小物
心配
海中
部会
気風
重用
親友
道州
年中
米麦
月内
校区
国会
来日
米人
農業
都度
代打
文部
大同
親分
感動
対話
夜行
詩人
北西
新橋
漢字
白地
空中
安心
登板
形式
取引
助平
着火
後円
登山
明神
耳下
会計
町方
空港
根元
前月
定年
番組
重心
作用
当局
花屋
世代
女中
先住
安神
他国
学期
登院
平行
発明
茶色
野宿
理想
強記
後頭
旅館
横着
何万
公式
長打
半島
絵本
原作
安打
広場
用心
本名
工作
全県
大海
半日
町長
作家
書道
県名
駅名
新都
開通
地点
楽屋
調教
階級
発電
転化
上流
新人
首都
同船
和平
物理
談合
何曜
交流
助役
同駅
水練
番外
商工
公立
客車
何時
黒人
台本
後半
地主
都銀
農水
会古
学内
局員
開会
客室
有声
見学
天気
理工
画定
風雲
客員
神宮
決定
開業
同化
中台
多色
同上
出品
休止
消火
大安
酒気
小数
予定
同人
整形
県間
売上
和文
本店
少年
画一
青年
両日
代行
上空
流星
内服
古書
会食
社内
知名
心中
下品
文書
船員
公有
年数
化石
相談
後期
電気
土着
名人
電話
金魚
場合
出板
気分
会期
分数
自立
外食
月夜
風化
出発
回数
化合
教化
同館
自動
園内
合計
新市
登校
美化
口上
公平
光明
所長
発会
南国
大手
市内
直線
想定
海魚
主流
商社
年頭
同国
港町
多発
細分
同行
和音
中火
記名
外出
発行
放送
公表
対局
電車
茶目
他所
番頭
中二
乗気
楽天
強打
中期
交通
配当
重点
研究
動員
実行
所持
馬上
通行
両駅
冬用
明記
会話
開放
園長
運動
遊歩
発話
表明
進出
白頭
弱気
投下
気弱
着地
部内
前場
母親
内気
前出
勝気
青空
中深
医者
屋上
歩行
気早
気重
起用
配水
顔黒
同感
調整
公正
半間
語林
通気
古町
感受
下方
会談
画面
追分
配列
回答
流用
開口
乗船
転作
面会
出火
自転
通話
開始
作文
火中
商売
有界
急行
発言
立体
上場
先行
引用
南下
直面
農家
開港
死神
同室
投入
注目
直行
合意
学習
筆記
分光
注意
回遊
社員
行進
進化
放水
通用
分立
台頭
実習
強調
発売
下線
意図
調理
起業
野生
交代
取水
決算
海洋
着目
通算
運行
配分
開店
入手
出力
急死
整理
正答
登用
着用
道楽
集計
下落
両立
出港
流動
病気
直通
転学
入山
図式
打開
指名
東上
炭化
返上
先発
前進
悪用
直感
走行
進行
遊学
開国
予見
休業
出世
南進
受注
服役
植林
決着
消化
発声
着服
美食
表出
進歩
集金
青春
予知
入国
入所
全開
写生
分配
弱化
服用
流入
生長
直立
練習
苦学
草食
詩作
開花
開館
電化
出土
出頭
分家
合作
合宿
回帰
定住
対決
教練
物色
生起
発注
発音
登記
直上
着手
西岸
調味
調和
転業
返事
通園
会同
全勝
受理
合本
命中
命名
売春
対談
強行
思考
投書
投球
投薬
指向
放火
整合
明言
死去
決心
生息
病木
発火
発車
発進
答申
算定
自生
落下
言明
記入
談話
転向
転校
転院
通知
通院
進入
開園
開所
面談
上申
予感
予言
他界
作動
先勝
入園
入植
入港
入荷
入道
入門
入館
出動
出家
分乗
分業
切開
前記
助長
北面
反落
反転
同乗
同心
和合
商談
回想
外注
大言
始動
学問
安息
当直
待命
想起
投合
放出
文通
暗記
曲練
来場
来所
板書
楽勝
横死
横行
水泳
決意
生育
由来
病死
発光
発想
発送
直流
直言
究明
空想
算出
自白
自負
薬物
表白
親和
調合
負荷
起立
転出
転落
転身
追放
配本
配線
開場
開局
間食
音大
風聞
上木
下乗
下向
下命
下問
下天
下校
下船
主動
乗算
予習
交合
交用
交遊
交配
京進
仕進
他出
他言
代決
代筆
代読
休会
休場
休学
休心
休息
休校
休神
休部
休電
会商
会読
住寺
作刀
作図
作字
作歌
作画
作表
作詩
使役
使送
係船
元服
兄事
先決
入京
入北
入地
入定
入室
入寺
入局
入島
入庫
入明
入朝
入村
入林
入校
入湯
入番
入着
入線
入行
入集
入電
全休
全通
公売
公言
公転
具有
具申
具足
内切
内助
内向
内命
内決
内申
内聞
内見
内談
内転
出京
出仕
出定
出庫
出役
出校
出炭
出社
出走
出遊
出題
分列
分合
分売
分宿
分有
分水
分球
分界
分筆
分荷
分路
列品
列立
列記
前定
力泳
力走
助力
助命
助走
勉学
動転
勝計
化育
北流
北進
区電
半転
南面
原住
去来
反命
反問
反目
取用
受命
受学
受業
受用
受行
受配
受電
口受
合州
合有
合流
合算
同宿
同流
同苦
同車
同道
向首
味読
和読
和談
商定
問注
問答
回内
回向
回礼
回読
回頭
外切
外化
外遊
多作
多読
多食
大書
始業
学道
安住
安名
安着
定植
定立
実写
実動
実見
客死
対交
対向
対当
対校
対生
対顔
小計
少考
局注
帰一
帰京
帰休
帰住
帰入
帰化
帰去
帰合
帰国
帰天
帰山
帰島
帰店
帰投
帰日
帰服
帰朝
帰来
帰東
帰港
帰着
帰社
帰米
帰船
帰農
帰院
帰館
平分
平章
平身
広言
引決
引湯
引火
引見
強直
後送
後進
心服
急落
急転
急追
急送
急進
悪投
想出
想見
感作
感光
感化
感取
感合
感服
感知
感電
所期
所立
手交
手写
手記
打算
打電
投出
投宿
投石
投身
拾集
持重
指南
指命
指教
指点
放下
放光
放心
放校
放歌
放流
放神
放言
放談
放電
放鳥
教習
数引
整列
整地
整流
整調
新調
早世
早着
明答
明転
暗合
暗算
暗転
曲筆
曲行
曲言
書見
木化
来会
来住
来園
来局
来村
来校
来着
来談
来遊
来院
来集
東下
東来
東流
東進
板行
林立
校合
校正
校注
植字
植毛
植皮
横転
止宿
止血
正対
正心
正用
正言
正転
死守
気死
水書
水食
決行
決起
波食
注入
注力
注水
注湯
注記
注進
泳動
洋行
活写
活歩
活着
流下
流放
流注
流転
流送
海食
消光
消去
消長
深化
深考
火定
点頭
牛飲
生下
生天
生指
用談
発出
発向
発問
発来
発根
発病
発育
発色
発走
登仕
登行
目礼
目算
目送
直交
直仕
直売
直帰
直書
直答
直話
直読
直送
直進
相乗
着京
着味
着岸
着想
着意
着水
着筆
着船
着金
着雪
着電
研学
神化
空発
空転
空運
立言
立身
立食
筆写
筆受
筆問
筆答
筆算
筆談
等化
答礼
答電
終売
終息
終業
終止
練行
羽化
習合
習学
習練
考究
耳語
聞知
育休
自問
自学
自守
自書
自死
自決
自活
自答
自習
自記
自走
自足
自首
苦行
茶事
荷電
落命
落後
落手
落球
落石
落第
落筆
落鉄
落雪
落馬
落鳥
血書
行休
行持
行歩
行水
行道
表発
西下
親祭
言上
読図
読字
読話
調息
調練
調薬
調進
赤化
起工
起毛
起番
起筆
起算
起草
起行
足温
身読
転乗
転住
転入
転写
転医
転回
転地
転売
転宿
転形
転社
転科
転記
転読
転調
転送
転進
近着
返品
返本
返礼
返答
返血
返送
返金
追想
追究
追考
追記
追走
送出
送客
送本
送気
送水
送波
送球
送話
送進
送金
送電
通交
通作
通分
通有
通水
通計
通読
速写
速定
速決
速答
速記
速読
進上
進動
進向
進水
進発
進級
進言
遊泳
運休
運化
運筆
運算
運送
道取
遠引
遠投
遠泳
配乗
配合
配役
配植
配流
配点
配石
配色
配車
配転
配送
配電
配食
重出
重合
重来
野合
金打
長息
長考
開化
開学
開平
開校
開田
開申
開立
開葉
開表
開門
開院
間作
間歩
陽転
集列
集取
集字
集客
集注
集荷
集配
雨下
雲集
電荷
音写
音読
頭書
風食
食言
飲用
飲福
馬食
高言
高談
高進
鳴動
黄化
黄葉
乗馬
売買
服事
本有
生食
見分
遊日
入車
化体
回送
声言
流出
算入
見知
送受
通電
予期
分取
分地
回申
書記
着生
風発
内食
発受
出山
分電
生動
発起
写書
対人
内分
数学
駅長
頭身
口外
苦心
表決
雨注
電子
交会
代作
商業
工面
終決
同町
強風
代言
板金
県花
電送
代理
北部
平地
水着
出向
山手
両手
切言
数次
道場
同紙
外用
駅前
来朝
水魚
点前
内通
夕方
全曲
全面
図中
本家
出荷
早生
身方
頭上
電力
上院
行列
血色
校長
公館
手配
本数
近道
合羽
土中
代入
語用
全会
大魚
代休
理会
重文
名曲
都下
気化
大食
内用
分出
仕様
来下
階上
切土
宿次
店番
引算
線引
足算
指図
鼻音
油通
男岩
天王
同意
日記
期待
合図
県長
楽所
火山
明方
北東
半生
強気
白色
西北
国王
県立
青雲
出国
開板
着色
実生
陽気
台所
定期
体動
祭礼
口答
王国
分村
直方
対岸
本国
朝陽
全体
足元
春先
朝方
服薬
両院
大昔
用意
送配
発意
相図
天国
茶店
前世
文内
来店
下院
定時
心理
身分
予想
上水
転生
病者
矢先
天宮
時点
口頭
打聞
月間
何事
全道
食物
大社
正路
主筆
見本
面相
寺院
家元
羽根
台風
流会
東都
旅客
高下
馬車
中流
月数
買物
林業
店員
手形
理事
矢板
小国
宮中
原木
具体
算用
秋水
歌集
立見
合点
外人
新内
車内
本体
物心
先頭
名作
米紙
住戸
日時
本紙
南風
明細
相待
公安
半球
手合
自家
登坂
下知
同調
本宮
力行
玉子
新駅
市有
手羽
合手
頭取
様式
深海
上方
合一
近県
門戸
動作
気力
同島
式年
係数
金物
線路
他方
役人
葉書
王宮
花火
工学
死語
公社
組員
学院
院長
合理
同期
本元
本物
国交
正月
実業
曲名
薬局
歩道
白昼
生後
上目
親元
次数
間引
平手
目前
美女
会合
後場
車庫
本島
問合
白酒
血球
悪口
体力
色分
勝馬
対日
国語
点字
海道
漢気
医大
本神
本章
白人
実数
立話
小指
自乗
内相
新線
期日
前売
屋内
口語
休日
後部
大玉
本表
打水
夏時
教委
上書
書物
東北
音感
声道
行楽
王朝
見合
大男
中国
大小
小父
文教
白金
家出
小母
水死
金具
役目
赤外
道化
顔負
図上
近代
週間
仕送
動物
分母
国土
字体
年表
味見
遠出
開帳
悪行
鼻歌
下書
中休
切死
品切
投売
船出
足止
門出
中次
先送
前受
品定
歯元
玉切
目皿
目配
立売
荷受
長鳴
黒光
筆書
荷作
調音
湯通
来客
有事
走者
酒店
紙面
同点
家庭
本書
主上
人手
朝市
紙本
外部
米屋
上品
元本
礼金
夜間
和風
王立
区切
家具
長期
両足
定番
西遊
等級
白銀
送風
茶人
南都
楽曲
水分
子犬
細書
水屋
高次
代書
根気
本館
社屋
本土
医局
同寺
大万
年少
内数
分県
糸冬
代用
農学
車両
部数
予算
神道
花形
野鳥
作者
火薬
町中
角度
地酒
原語
区道
日進
楽章
語原
体長
東岸
身心
身神
事前
公子
方言
国文
白雲
神明
線区
追歩
商用
終着
用船
北星
同数
地図
次女
立入
温水
下馬
画人
打球
公人
口内
弱年
山海
何者
毛糸
分国
中前
子育
人集
係員
活字
前半
長者
商家
画本
南山
主君
対内
暗黒
主食
前文
農用
日用
氷上
年配
親方
身上
遠心
全身
文庫
荷物
見方
光月
大都
雨期
漢文
決勝
全駅
前者
両親
太陽
工大
国画
門下
小駅
空白
詩画
人工
問題
横町
活用
都合
子安
対米
歩合
受水
大商
地球
方今
外語
日月
立地
空前
葉面
風流
乗客
後者
住人
客足
語頭
半魚
漢方
列島
月次
死生
米作
下等
立合
親切
下道
両分
同村
長命
大形
来年
出色
食道
水神
医院
同港
始発
屋台
水力
店名
気道
宮家
知人
言分
作曲
本真
下流
身長
高台
主客
全中
植物
小石
苦楽
黒鉄
名字
対数
手中
年代
自前
風上
全長
本道
大元
追送
町角
同定
強談
同家
地理
自由
実高
薬理
公海
分会
台地
毎年
発作
神木
次期
漢語
高一
王道
物品
道立
風味
高速
計図
同州
前代
考古
上屋
実線
同園
書院
暗夜
食感
金庫
前身
野分
定休
文様
東南
皮肉
分身
空自
直談
新書
本場
区長
声楽
小豆
火力
和人
文楽
体重
土用
当主
定数
真打
古米
町会
用言
電波
有用
毛筆
長子
気品
雨後
王家
苦味
同名
洋画
親水
赤茶
両村
古風
月歩
主力
君子
頭高
食用
多雨
来館
下見
出所
国教
絵具
門人
何物
球場
横目
新顔
語数
高温
本業
病室
油虫
町名
緑化
目下
絵画
青葉
数式
自県
外車
週内
軽食
他区
所員
行事
学級
深切
米坂
西空
急所
白書
原文
当市
思春
海神
両者
公庫
口元
天上
青地
自力
天外
国見
家事
方正
下根
前作
実地
月表
林中
外大
幸運
時数
冬山
回路
外交
世間
見世
高三
平板
水平
分館
平気
幸福
都立
実直
手紙
新出
新星
主体
実子
線形
林木
大一
本番
前列
海原
中身
友人
反米
明日
画集
大火
代金
分流
夏用
局所
正当
子分
毛物
気持
近海
今時
作出
君主
大八
早期
白米
国外
強大
意中
気温
病人
重度
丁重
弱小
洋食
直角
表門
今世
平明
本局
温和
自明
下作
下直
中速
分外
多才
多病
多音
大力
大才
子細
小弱
小心
小食
少食
整正
整美
文弱
新式
晴和
暗弱
有角
深遠
火急
病弱
皮相
短小
短気
神速
軽少
遠大
鉄火
長遠
高直
入用
出身
土間
店頭
茶室
時事
上乗
口調
地平
本式
南館
弱体
当方
東国
洋品
前面
出金
中正
実音
中形
教頭
歌曲
正教
気水
神子
肉用
朝礼
木耳
自体
小船
持分
車高
同級
写実
合金
歌手
詩集
多客
大通
農村
右岸
名門
月面
通年
同品
多用
長文
電線
他者
古今
花期
会頭
新茶
長調
丁目
国対
強食
首長
気前
何語
公金
動向
同週
母語
申入
通所
金品
戸数
本四
和食
広間
式内
投足
林間
白日
地動
戸口
和漢
年次
和光
商館
木道
本箱
指数
新館
外来
真空
食肉
世話
勝者
記事
人魚
船長
南画
工員
年商
白星
方角
原画
船内
長所
音波
同川
数理
海運
国体
国有
由花
男役
車体
南洋
和室
子女
水生
横丁
石油
耳元
北道
同線
姉妹
市売
朝野
大豆
洋間
地鳥
字画
学業
悪名
文面
同校
次章
市電
神話
学用
公算
島外
正門
白月
花頭
全文
図会
工合
黒門
下表
名画
家電
屋体
医科
女人
悪文
新薬
親族
乗員
天使
両町
全日
図画
土手
実年
小目
空室
筆者
調書
近世
風力
本円
自発
事後
引当
石高
図面
大作
次弟
細君
魚屋
下級
内耳
名物
楽生
様子
知事
音調
光線
半面
文学
農大
生家
魚貝
全一
地名
新春
立教
耳目
感想
長大
岩山
毛根
自室
親日
風速
使者
語感
両面
全土
同係
同色
商高
自助
客先
黒板
主知
同図
両会
原子
茶箱
大雨
学食
定員
木馬
組曲
上用
土場
実定
新品
有線
本心
長計
風船
新板
運命
両年
同山
木食
体育
直入
表語
中三
大部
実車
転期
農地
子宮
新形
死期
路面
風物
反感
星章
書林
両社
先高
反語
多感
音頭
中一
半時
地所
大役
女医
定食
朝練
表具
角化
長兄
中金
南朝
太平
死力
農薬
原発
大局
悪気
時空
直間
立会
自主
全角
台帳
名実
和紙
外界
打感
文相
朝米
前人
本院
駅近
丁数
公取
多重
時速
短詩
見当
公国
同元
次代
中品
今次
原始
命日
対流
度合
本門
番号
米食
表地
農園
通夜
電池
中耳
字数
形体
板画
男声
県央
丁場
夏期
小水
工高
洋酒
茶会
野外
反日
古語
店内
両道
口絵
大名
本意
金星
鉄分
音曲
上京
今期
兄妹
緑道
金文
両線
京間
内角
右玉
図形
地声
女声
学界
式部
強弱
期先
正直
水門
波長
船上
日台
冬服
同左
家計
王手
薬用
鉄人
出院
分院
助手
女高
妹役
緑地
自業
主語
全力
南方
地銀
外洋
寒村
手代
文具
目地
院外
全箱
商事
手話
東院
歯科
流水
親米
内金
同薬
天引
客引
引数
当社
細部
絵筆
荷台
話題
重体
風雪
駅売
分線
北門
原本
原生
家業
小品
弟分
有様
本命
気合
美酒
赤線
道行
長身
下記
公道
平時
急場
本港
気心
短調
角界
読者
赤地
軽四
農高
駅中
上役
下役
原人
台木
宿場
月番
船頭
体高
使命
出番
国歌
強者
本行
肉体
薬味
雨具
電鉄
地面
外客
有音
知新
雪上
面前
下絵
丸対
原点
受章
右面
同族
当千
急用
流線
火花
父王
申分
神曲
茶葉
速力
進路
館守
中肉
代引
作風
元号
国名
女流
局部
強度
生体
直火
章立
人肉
代八
前引
原曲
古式
台形
右表
同夕
字引
寒根
年番
悪玉
持病
本葉
母役
毎冬
水深
風合
両鼻
主役
切字
太字
家号
屋号
屋外
文中
早春
正味
油絵
活力
海生
犬科
白番
直球
短所
福耳
絵入
絵心
表音
豆本
鉄板
馬番
麦作
麦茶
丁持
丁石
上物
上玉
上絵
下物
下魚
両下
両切
両前
両平
両指
両箱
中地
中太
中悪
中点
中皿
中細
中面
中食
丸八
丸刀
丸小
丸心
丸本
主持
主面
京女
京方
京童
今様
休所
何県
何線
作男
作神
作間
使番
係名
元帳
元絵
兄分
兄役
兄王
兄者
全目
全頭
円買
写絵
冬作
出様
切米
切絵
力場
北駅
半丸
半広
受台
口米
口茶
台屋
台板
台石
合服
合気
同間
同馬
名題
和事
和洋
和皿
和顔
図引
国役
土部
地先
地口
地合
地字
地山
地板
地歌
地糸
地紙
地色
地虫
地貝
地雨
地頭
地顔
地馬
地魚
地黒
場台
夏作
夏書
夏服
夕礼
夕間
外場
外数
外番
夜番
大宿
大番
天板
太線
女力
女客
女度
女楽
女絵
女運
女面
妹分
子局
子福
守役
定宿
定店
実方
実親
客宿
客方
宮号
宿帳
宿方
寺主
寺名
対屋
小作
小道
小門
山千
山様
山番
岩地
島台
島式
島役
川童
帳元
帳入
帳合
帳場
帳面
平刀
平台
平文
平番
年市
庭番
引具
弟役
当屋
役物
後作
後役
後月
心木
心柱
心食
急火
悪形
悪日
所場
手金
手食
才取
打歩
持点
持番
新子
新畑
新糸
新葉
新豆
新貝
方立
日歩
日番
早番
春作
春号
昼番
昼練
晴食
暗箱
書役
月役
月運
朝茶
期近
木具
木目
本水
本畑
本身
村下
東宿
東門
板木
板絵
板長
森番
楽市
楽日
横地
横本
横画
橋番
歌本
歌絵
正目
歯数
歯肉
死出
毎夏
毎夕
毎春
毎時
気先
気場
水仕
水帳
水絵
水部
氷頭
油代
油商
油画
洋物
洋皿
海先
海千
温玉
湯温
湯茶
火王
牛科
牛細
牛肉
物頭
玉目
玉算
玉茶
王族
理由
用次
田役
申楽
男客
男運
町医
町組
番屋
病間
白字
白服
白本
白死
白茶
皮具
目分
目木
直宮
直物
直真
相客
相役
相板
真形
真書
真柱
着歌
着荷
石絵
社守
福助
福引
福木
福豆
秋作
秋号
秋服
科人
空茶
立番
筆具
筆字
算木
箱数
箱車
米代
糸遊
細字
細線
組中
組数
組重
絵合
絵所
絵皿
絵羽
絵面
緑絵
緑線
美黒
羽数
聞茶
肉入
肉月
肉色
自黒
船代
船具
船楽
船用
色地
色字
色悪
色番
色絵
花代
花会
花後
花金
茶入
茶子
茶心
茶所
茶柱
茶湯
茶町
茶組
茶船
茶花
茶豆
草王
草黄
荷役
落度
落顔
葉茶
西面
親字
親局
親業
親王
親番
角柱
角物
角番
角皿
角落
角道
調所
談林
豆炭
豆球
豆科
豆銀
貝肉
買気
赤服
赤本
赤短
赤絵
赤肉
赤門
足代
足台
車代
返点
通町
週足
運草
部立
酒役
酒米
里地
重箱
野天
金歯
金毛
金紙
金茶
金語
金高
金黒
鉄箱
銀玉
銀皿
銀紙
銀高
長帳
開畑
間代
間宿
階高
青字
青服
青本
青東
青点
青線
面一
面具
面取
面板
面様
面箱
音引
頭屋
頭役
頭赤
頭重
顔役
首肉
馬草
駅広
高役
魚通
鳥天
黄地
黄服
黄茶
黒先
黒地
黒方
黒本
黒番
黒竹
黒茶
体面
先進
口実
口番
商船
国女
役高
悪役
手相
林野
洋服
父兄
神界
薬方
血気
角地
面形
音名
上記
下社
回教
地引
大路
月光
東宮
美品
語気
起原
部外
雨月
上人
中級
他州
公定
名医
外院
対物
肉親
農道
間服
中門
列強
北洋
天体
字図
植生
物体
表文
車上
遠方
風水
両様
半音
定式
局地
思文
新植
書生
本科
東名
歩調
汽船
中朝
人命
他店
小形
肉声
野火
音長
食味
北岸
少林
工運
平面
病原
祭日
空母
箱屋
親書
上体
上図
両用
体外
前科
多元
大弓
実母
母数
病後
石柱
終電
風雨
京風
半身
原土
名品
字母
山林
後発
悪人
悪意
時日
朝一
着花
空力
終生
血流
表頭
道交
頭角
丸薬
京人
先代
公使
出作
大福
子弟
実相
弱強
心頭
意向
有人
次兄
温風
画期
真相
薬科
農楽
配下
先天
前言
外形
寺社
工具
強取
新車
毎度
気流
白文
色弱
表題
路地
農場
近時
先人
先客
前庭
原油
外気
外角
新進
日章
時短
水土
水牛
西院
開教
黒線
中秋
体調
全天
半死
原形
口角
実弟
実話
宿所
本薬
次点
死相
母線
水運
童女
自他
足首
上表
両人
他科
代数
全校
内皮
学童
実兄
家長
山線
左図
当事
暗中
気運
目次
礼服
社外
神父
起死
軽度
門弟
上気
中天
中生
事体
商科
天守
宿六
少水
工期
強心
当人
当期
当番
所定
打高
教本
教行
正業
歩数
水文
立春
緑茶
茶番
茶話
表意
話頭
遊休
重力
長物
開市
主題
体様
全集
内局
名声
夜空
宿命
弓道
歌道
死本
死活
真筆
自筆
船室
表土
運気
里数
鉄工
両名
両局
今作
他局
他社
内円
和字
和親
外板
夜曲
天才
学外
学風
定形
少子
思想
悪路
文筆
暗雲
木刀
本題
村落
次週
歯石
気体
洋楽
海図
深度
理知
画板
直近
真意
石炭
童話
美形
船体
花鳥
苦言
落語
行内
言動
計時
車館
金銀
題目
風光
中葉
体温
動画
南天
名歌
和服
和語
和金
土足
多年
宿高
投打
放題
教主
早死
来期
正字
母体
画題
耳鼻
血行
行路
西進
起点
遊女
運上
遠洋
電動
下面
両店
人相
他馬
光度
内火
列国
同階
土石
外局
多幸
大寒
子息
局名
当世
当店
後代
後宮
意思
所記
文鳥
明暗
橋台
歌業
油分
理国
用字
町家
空調
美点
車外
軽油
農相
重油
下戸
両紙
主教
予後
代役
円通
化研
医業
半夏
反動
受話
古馬
名馬
命運
和式
図体
国庫
外円
外聞
多雪
夜来
対角
工商
年始
幸水
当寺
後列
急流
新着
明星
時流
暗室
暗部
有休
有期
木母
木炭
水和
洋犬
海流
生気
田園
番方
相鉄
真皮
知力
短刀
神国
秋波
終世
終点
終身
肉感
自工
船中
通運
開運
雪面
電柱
題名
顔面
風神
高弟
両岸
中進
交番
人馬
倍音
光速
全館
出数
列石
力投
台紙
商号
園主
地消
地階
声母
子夜
定石
宿題
小農
庭園
弱点
所作
才女
数列
文才
晴天
曲想
来世
正円
正真
正着
歯根
母校
流血
消息
石風
社交
神事
立命
童心
童顔
絵馬
花園
親交
詩心
速球
野心
鉄路
開明
開村
音速
題字
風人
中温
丸太
主文
人品
他意
先番
光電
全室
全戸
刀身
切点
前号
力点
勝算
化工
原題
同列
同根
名神
名車
和牛
和犬
国鳥
天真
天面
家父
寒波
小社
局番
広角
悪事
悲運
手動
整体
整数
新船
明部
春温
暑中
書名
有形
有病
服屋
本校
東校
林相
橋頭
次号
次姉
気転
水族
水球
水銀
流木
湯池
点線
球根
理数
生肉
病理
白球
皮下
目代
知見
短命
社有
社業
神理
神童
祭具
立国
組名
絵図
緑豆
美風
肉牛
船外
船首
苦肉
草魚
落花
血族
西走
見地
路外
近親
通期
遊水
遠足
部族
金門
鉄橋
銀漢
長姉
長波
門歯
雨天
雪原
雲水
電光
電球
頭皮
風来
黄門
下意
世相
両刀
両校
両船
中皮
予科
予行
事由
交友
京福
今号
代走
休園
休題
会友
体毛
体言
使行
先入
先公
入店
全号
全形
公知
内題
写本
出自
列和
力動
化身
医事
半両
半知
半角
南庭
原電
反古
取集
口福
古楽
古点
古紙
号数
同友
名手
名犬
向学
命題
和上
品行
回天
回船
国書
国父
園路
外電
外題
多動
多島
多毛
多神
大暑
大界
天命
天子
天空
太王
始球
学友
定点
実姉
室温
家相
寒天
小板
岩石
左記
年号
引水
弱肉
当来
心神
急使
悪友
悪寒
悲鳴
意表
才色
投雪
星宿
春宮
晴雨
暗号
書体
書庫
書風
有向
本号
板元
次行
歌友
母船
毛細
気動
氷山
氷点
決死
油田
波動
洋名
流体
海事
海友
消夏
湖面
炭水
牛皮
球形
番犬
番茶
病名
病苦
病身
相国
真言
知育
短弓
短波
石門
神意
祭神
福神
福音
秋天
秒速
筆力
等身
羊毛
美声
美白
美談
美顔
羽毛
肉天
船名
荷室
落日
葉緑
血友
行宮
表皮
表見
記章
読後
読点
赤心
車列
軽合
農事
農具
近聞
返書
返球
通天
通時
通言
週休
進度
遊具
遊動
遊楽
遊里
遠路
部首
重役
野草
鉄柱
鉄線
長毛
間投
集光
集魚
電路
面皮
音階
風習
食指
馬主
馬首
魚体
魚肉
丁半
丁名
丁子
丁字
丁年
丁銀
上中
上使
上列
上反
上古
上声
上客
上宮
上式
上星
上死
上生
上番
上知
上米
上聞
上葉
上行
上計
上長
上首
上馬
下人
下列
下口
下名
下国
下学
下式
下注
下界
下番
下薬
下血
下行
下語
下足
下階
下集
下顔
世上
世事
世出
世子
世家
世局
世才
世教
世数
世父
世用
世福
世路
世道
両三
両世
両全
両区
両君
両図
両女
両字
両宮
両家
両宿
両山
両島
両州
両度
両形
両役
両時
両書
両朝
両次
両気
両水
両流
両港
両湖
両牛
両王
両生
両界
両花
両行
両語
両車
両部
両重
両階
両頭
両館
両馬
中人
中体
中分
中動
中医
中字
中書
中有
中業
中気
中水
中波
中研
中社
中章
中線
中薬
中農
中銀
中風
主事
主命
主夜
主室
主家
主局
主島
主意
主日
主星
主木
主柱
主根
主業
主気
主港
主点
主用
主病
主石
主神
主祭
主船
主薬
主調
主談
主部
主都
主音
主馬
乗具
乗数
予土
予対
予研
予章
予表
事主
事物
事理
事相
交名
交声
交子
交感
交波
交点
交直
交線
交親
交角
京中
京内
京図
人世
人定
人後
人感
人才
人本
人毛
人流
人牛
人界
人神
人荷
人血
人言
人語
人長
人頭
今上
今体
今古
今式
今昔
今生
仕丁
仕服
他世
他事
他体
他力
他品
他室
他家
他山
他市
他年
他形
他感
他族
他書
他村
他校
他業
他流
他物
他犬
他発
他章
他筆
他紙
他聞
他船
他見
他車
他門
他院
他面
他風
代品
代船
代車
代返
代配
休店
休筆
休薬
会元
会名
会子
会心
会意
会苦
住商
住家
住工
住心
住持
住血
住都
体半
体心
体鳴
作事
作人
作分
作問
作土
作庭
作意
作手
作期
作毛
作礼
作話
作食
使丁
使人
使神
倍化
倍大
倍数
倍角
元代
元品
元始
元曲
元正
元物
兄姉
先主
先体
先出
先号
先君
先回
先学
先幸
先書
先王
先登
先知
先考
先負
光体
光力
光来
光柱
光波
光火
光点
光球
光画
光虫
光行
光路
光頭
光風
入光
入内
入刀
入声
入客
入川
入市
入息
入木
入気
入玉
入神
入祭
入級
入船
全円
全問
全図
全山
全州
全心
全数
全書
全村
全歯
全波
全犬
全球
全町
全相
全知
全紙
全級
全羽
全習
全船
全草
全血
全速
全野
全階
全音
全顔
全馬
全鳥
公主
公事
公休
公力
公助
公図
公地
公女
公室
公宮
公度
公役
公意
公方
公族
公流
公物
公王
公理
公田
公病
公空
公路
公電
具注
内使
内区
内台
内合
内君
内声
内室
内宮
内家
内意
内方
内水
内洋
内温
内湖
内界
内発
内薬
内行
内言
内記
内運
内鉄
内院
円口
円外
円教
円文
円明
円月
円木
円本
円村
円板
円球
円皮
円石
円筆
円読
円転
円頭
写友
写図
写場
写声
写字
写植
写角
写野
冬上
冬夜
冬春
冬海
冬虫
出息
出母
出用
出行
出車
出門
刀商
刀子
刀工
刀心
刀礼
刀筆
分体
分力
分区
分室
分局
分島
分店
分度
分服
分期
分校
分根
分注
分点
分生
分画
分相
分知
分秒
分章
分米
分習
分部
切所
切歯
切線
列世
列代
列名
列外
列女
列数
列柱
列火
列王
列番
列福
列線
列語
列長
前医
前古
前問
前図
前室
前局
前急
前時
前書
前注
前王
前生
前章
前葉
前表
前角
前話
前談
前走
前車
前転
前金
前門
前院
前食
力役
力気
力車
助字
助業
助炭
助祭
動地
動声
動意
動感
動毛
動気
動点
動線
動電
勝地
勝楽
勝着
勝運
化主
化土
化地
化鳥
北七
北天
北子
北守
北家
北帰
北庭
北曲
北画
北行
北走
北足
北路
北転
北都
北院
北雪
北音
北馬
区市
区点
区章
医原
医員
医家
医心
医方
医書
医用
医界
医道
医食
午食
半丁
半人
半休
半作
半切
半商
半国
半夜
半字
半平
半弓
半弟
半役
半文
半歩
半玉
半町
半白
半神
半肉
半言
半足
半農
半速
半里
半金
半開
半顔
半麦
南人
南園
南家
南寺
南岸
南曲
南路
南院
南高
原体
原名
原味
原品
原図
原字
原岩
原意
原書
原板
原毛
原水
原注
原炭
原物
原皮
原石
原糸
原紙
原級
原肉
原色
原薬
原虫
原詩
原話
原調
原速
原道
原酒
原頭
原魚
原麦
去声
去夏
去春
去月
去秋
友交
反切
反回
反実
反当
反意
反歌
反歩
反神
反立
反足
反間
受光
受動
受感
受田
受礼
受神
受肉
受育
受苦
口分
口才
口業
口気
口決
口耳
口話
口道
口鼻
古京
古人
古体
古刀
古名
古字
古年
古形
古意
古方
古昔
古曲
古期
古注
古流
古湯
古画
古相
古社
古筆
古色
古茶
古記
古詩
古酒
古面
古音
古駅
台下
台子
台日
台皿
台船
台農
右列
右図
右室
右文
右方
右筆
右羽
右葉
右記
右近
右院
号外
号笛
号音
合切
合名
合字
合界
合皮
合科
合筆
合糸
合薬
合谷
合道
同号
同君
同声
同女
同宮
同引
同役
同曲
同橋
同歩
同母
同気
同温
同玉
同王
同生
同着
同科
同章
同筆
同者
同血
同表
同見
同角
同語
同門
名下
名代
名刀
名勝
名区
名号
名君
名園
名宿
名局
名庭
名数
名族
名月
名木
名流
名湯
名玉
名石
名笛
名筆
名答
名聞
名花
名薬
名言
名記
名詩
名語
名走
名運
名酒
名鳥
向光
向地
向寒
向岸
向春
向暑
向米
向進
君公
君命
君国
君父
君王
君親
君長
命友
命式
命数
命終
命言
和南
和名
和声
和才
和書
和本
和楽
和様
和炭
和算
和習
和船
和薬
和鉄
和館
品流
品温
員外
商大
商才
商流
商港
商登
商相
商調
商農
商運
商道
商都
回心
回文
回族
回次
回章
回米
回虫
図化
図南
図名
図根
図様
図絵
図色
国使
国号
国図
国字
国守
国安
国年
国意
国手
国柱
国楽
国歩
国母
国界
国章
国花
国詩
国運
国金
園丁
園区
園名
園庭
園数
園林
園池
園頭
土人
土公
土対
土柱
土神
土科
土語
土運
土道
土長
土階
土音
土馬
地丁
地体
地公
地商
地子
地役
地文
地歩
地母
地毛
地気
地温
地物
地玉
地界
地番
地目
地相
地米
地運
地鉄
地集
地黄
坂路
声名
声字
声息
声歌
声調
声部
声門
声風
売名
売品
売国
売山
売文
売炭
売船
売色
売茶
売薬
売血
夏下
夏緑
夏雨
外京
外光
外力
外区
外台
外合
外向
外字
外宮
外市
外心
外感
外教
外族
外曲
外水
外港
外物
外王
外生
外画
外発
外登
外皮
外米
外紙
外緑
外耳
外船
外葉
外言
外記
外転
外運
外道
外銀
多事
多住
多口
多回
多声
多売
多子
多形
多心
多指
多歩
多死
多点
多羽
多肉
多花
多血
多語
多調
多頭
多飲
夜光
夜具
夜分
夜前
夜天
夜学
夜想
夜気
夜直
夜色
夜走
夜鳥
大乗
大円
大命
大姉
大守
大度
大悲
大意
大指
大数
大業
大死
大知
大礼
大計
大身
大運
大遠
大院
大雲
大黄
天中
天主
天人
天円
天分
天助
天動
天南
天味
天声
天女
天字
天工
天庫
天心
天意
天日
天朝
天来
天柱
天水
天池
天火
天父
天物
天球
天界
天目
天社
天耳
天聞
天路
天運
天道
天金
天長
天門
天開
天青
天顔
天馬
太上
太多
太守
太細
女弟
女根
女男
女短
女肉
女色
女花
女身
女院
妹弟
姉兄
姉弟
始代
始原
始新
始期
始生
始筆
始線
始語
委曲
委細
子午
子実
子母
子葉
字中
字行
字間
字音
字高
学事
学兄
学半
学室
学店
学才
学林
学知
学石
学究
学行
学都
学頭
守国
守心
守戸
守文
守礼
安内
安分
安国
安山
安立
定係
定命
定息
定文
定業
定温
定理
定線
定船
定見
定言
定足
実事
実員
実売
実大
実妹
実字
実悪
実意
実打
実教
実有
実正
実科
実竹
実者
実船
実語
実部
実長
実館
客冬
客分
客地
客年
客月
客来
客気
客注
客語
客遊
客電
室名
室員
室数
室礼
宮主
宮女
宮室
宮相
宮都
宮門
家作
家兄
家名
家君
家国
家書
家月
家母
家礼
家運
家道
家門
宿世
宿内
宿外
宿学
宿年
宿悪
宿意
宿曜
宿村
宿根
宿業
宿母
宿王
宿神
宿運
宿道
宿院
宿雨
寒中
寒心
寒時
寒暑
寒月
寒水
寒流
寒温
寒竹
寒色
寒苦
寒行
寒雲
寒食
寺中
寺使
寺号
寺家
寺運
対世
対他
対光
対化
対合
対地
対手
対明
対気
対自
小乗
小円
小刀
小区
小医
小名
小問
小子
小字
小寒
小局
小工
小店
小引
小弟
小才
小暑
小曲
小流
小点
小球
小用
小皮
小知
小紙
小組
小葉
小話
小身
少実
少室
少小
少弟
少心
少校
少死
少進
少陽
少雨
少雪
局外
局後
局方
局紙
山体
山号
山宮
山島
山月
山相
山色
山茶
山草
山雨
山雲
山馬
岩体
岩流
岩画
岩相
岩頭
岩高
島主
島名
島部
島都
州名
州外
州県
州花
工人
工地
工女
工字
工役
工手
工数
工船
工農
工部
左刀
左室
左岸
左方
左注
左直
左社
左羽
左表
左近
左道
左院
市学
市屋
市県
市章
市門
帰台
帰命
帰家
帰宿
帰心
帰所
帰村
帰校
帰根
帰神
帰路
帰都
帳下
帳台
帳外
平作
平元
平声
平曲
平服
平水
平波
平温
平生
平葉
平角
平話
平語
平調
平頭
年休
年歯
年画
年級
年魚
広土
広庭
広本
広用
広目
広記
店外
度者
度表
庫平
庭前
庭球
庭院
式中
式事
式台
式文
式日
式服
式目
弓部
弓馬
引力
引転
引頭
引首
弟兄
弟王
弱国
弱声
弱行
弱起
弱風
強弓
強意
強皮
強起
強運
強電
強音
強馬
当住
当体
当区
当国
当土
当家
当山
当帰
当意
当月
当村
当校
当流
当犬
当町
当科
当船
当色
当落
当薬
当路
当院
当館
形勝
形声
形局
形神
役分
役牛
役金
役馬
待時
待期
後事
後光
後図
後園
後夜
後室
後家
後市
後庭
後来
後根
後注
後流
後生
後章
後葉
後角
後語
後身
後転
後門
後面
心下
心体
心内
心原
心友
心受
心土
心字
心室
心思
心所
心月
心気
心水
心海
心火
心王
心算
心耳
心血
心行
心話
心間
心電
心黄
急歩
急病
急登
急調
急談
急雨
息女
息男
悪世
悪作
悪国
悪声
悪子
悪字
悪所
悪手
悪才
悪書
悪月
悪根
悪業
悪漢
悪王
悪男
悪病
悪相
悪神
悪童
悪筆
悪習
悪草
悪血
悪見
悪言
悪計
悪運
悪道
悪雪
悪面
悪風
悪食
悪鳥
悲引
悲曲
悲歌
悲母
悲田
悲色
悲話
悲調
意字
意想
意業
意行
意馬
感温
感色
感音
戸主
戸外
戸長
所出
所動
所外
所引
所役
所思
所生
所由
所言
手具
手工
手指
手板
手根
手筆
才人
才六
才子
才学
才気
才物
才知
才筆
打通
打面
投光
投写
投力
投地
投炭
投矢
拾玉
持平
持明
持薬
指事
指北
指地
指月
指板
指話
指間
指頭
放列
放楽
放物
放生
放線
放血
教体
教具
教友
教場
教外
教式
教木
教母
教父
教王
教理
教生
教相
教研
教線
教門
教院
数息
数町
数行
数表
整式
整水
文事
文会
文名
文外
文工
文思
文意
文界
文礼
文草
文詩
文身
文運
文野
文金
文間
文頭
文題
新円
新刀
新友
新口
新味
新図
新声
新店
新月
新期
新来
新注
新港
新物
新発
新相
新秋
新色
新詩
新話
新語
新読
新酒
新院
新陽
新集
新雪
新馬
方円
方図
方国
方土
方外
方天
方広
方木
方筆
方路
方里
方金
方音
旅上
旅中
旅宿
旅次
旅遊
旅銀
族名
族葉
族長
日字
日歯
日港
日王
日語
日食
早天
早年
早強
早明
早発
早秋
早計
明光
明君
明夜
明定
明年
明式
明所
明春
明服
明期
明楽
明点
明玉
明界
明目
明笛
明線
明色
明門
明頭
昔年
昔日
昔時
星主
星列
星図
星室
星林
星表
星間
星雨
星雲
星食
春光
春分
春化
春天
春寒
春昼
春本
春歌
春画
春色
春遊
春陽
春雪
昼三
昼光
昼行
時人
時局
時文
時服
時様
時習
時角
時言
時運
時風
暑夏
暑寒
暑気
暗主
暗光
暗君
暗期
暗流
暗点
暗空
暗緑
暗線
暗色
暗血
暗行
暗語
曲事
曲数
曲水
曲池
曲直
曲礼
曲調
曲路
曲集
曲面
曲馬
書外
書字
書屋
書式
書板
書流
書画
書目
書美
書者
書語
月休
月台
月名
月商
月図
月央
月明
月柱
月球
月界
月神
月色
月花
月食
有体
有半
有取
有実
有心
有感
有時
有業
有歯
有毛
有理
有生
有相
有礼
有神
有終
有色
有言
有部
有配
服地
服色
朝三
朝命
朝夜
朝家
朝見
期央
期始
期数
期月
木中
木主
木人
木台
木強
木業
木橋
木毛
木活
木球
木理
木生
木皮
木石
木竹
木鉄
木門
木階
木魚
本丁
本員
本問
本図
本地
本字
本寺
本役
本曲
本様
本毛
本生
本病
本知
本祭
本草
本記
本話
本起
本青
本面
村医
村名
村寺
村数
村有
村童
村道
来京
来光
来室
来意
来書
来服
来由
来県
来者
来船
来行
来電
東去
東土
東夏
東天
東幸
東庭
東朝
東行
東走
東送
板根
板面
林下
林住
林分
林工
林研
柱上
柱列
柱式
柱石
柱角
柱面
柱頭
校具
校医
校友
校地
校定
校庭
校本
校歌
校章
校語
校門
校風
根出
根号
根毛
根皮
根音
植列
植相
植福
植食
業力
業火
業苦
業風
楽友
楽受
楽員
楽土
楽声
楽式
楽弓
楽想
楽才
楽旅
楽理
楽神
楽習
楽遊
楽都
楽長
楽音
楽食
横列
横指
横流
橋上
橋北
橋南
橋名
橋東
次作
次列
次問
次図
次子
次客
次室
次指
次文
次時
次書
次注
次葉
次表
歌中
歌体
歌作
歌意
歌才
歌数
歌文
歌書
歌神
歌詩
歌話
歌語
歌題
歌風
止水
正丁
正中
正切
正動
正号
正向
正員
正学
正定
正客
正室
正形
正思
正意
正数
正書
正東
正球
正番
正神
正立
正米
正肉
正葉
正西
正見
正角
正語
正調
正負
正都
正金
正銀
正院
正陽
正音
正風
正食
歩度
歩荷
歩車
歩速
歯列
歯大
歯寒
歯式
歯板
歯面
歯音
死中
死交
死命
死地
死文
死有
死物
死界
死番
死病
死線
死肉
死花
死苦
死角
死計
死都
死重
死門
死馬
母公
母岩
母川
母店
母指
母星
母港
母父
母神
母貝
毎代
毎号
毎家
毎戸
毎期
毎次
毎筆
毎食
毛人
毛様
毛母
毛湯
気光
気口
気息
気柱
気根
気海
気球
気相
気笛
気習
気血
気速
気門
気鳴
水人
水光
水声
水天
水字
水宮
水工
水手
水月
水波
水火
水理
水用
水界
水石
水研
水筆
水緑
水線
水速
水頭
水馬
氷人
氷原
氷土
氷島
氷期
氷板
氷柱
氷海
氷温
氷炭
氷球
氷野
氷雪
氷面
氷風
氷食
池中
池北
池心
池水
池面
決会
決号
決明
汽力
汽水
汽笛
油入
油土
油母
油水
油送
油面
波上
波力
波面
波高
注口
注本
注音
泳力
泳者
洋刀
洋字
洋客
洋室
洋弓
洋才
洋書
洋本
洋白
洋算
洋紙
洋銀
活人
活水
活物
活画
活神
流心
流感
流氷
流理
流言
流記
流読
流路
流身
流速
流雲
流音
海人
海光
海区
海台
海員
海商
海天
海客
海東
海氷
海波
海王
海相
海童
海自
海船
海進
海門
消波
消点
消雪
消音
深交
深心
深意
深所
深流
深温
深発
深秋
深身
深高
温中
温州
温感
温気
温点
温石
温習
温色
温血
温陽
温顔
温食
港口
港外
港市
港都
湖上
湖口
湖川
湖心
湖月
湖水
湖頭
湖魚
湯問
漢人
漢名
漢和
漢土
漢才
漢族
漢来
漢玉
漢王
漢音
火休
火光
火土
火工
火度
火手
火気
火球
火田
火石
火神
火車
火進
火道
火酒
火雲
火電
炭住
炭山
炭庫
炭柱
炭田
炭車
点列
点取
点定
点心
点注
点画
点立
点耳
点茶
点薬
点鼻
父人
父神
父道
父音
牛主
牛刀
牛化
牛形
牛後
牛歩
牛王
牛耳
牛角
牛車
牛頭
牛馬
牛黄
物交
物力
物界
物神
犬声
犬歯
犬皮
犬肉
犬面
犬馬
玉代
玉体
玉室
玉歩
玉池
玉笛
玉花
玉葉
玉車
玉門
玉音
玉頭
玉顔
王事
王代
王公
王化
王台
王号
王命
王土
王庭
王弟
王有
王林
王母
王水
王父
王親
王都
王銀
球体
球友
球心
球春
球花
球虫
球道
球面
球音
理力
理外
理路
生植
生母
生着
生知
生立
生者
生色
生葉
生面
用作
用命
用土
用役
用後
用所
用木
用池
用筆
用間
田土
田字
田数
田根
田皮
田面
申命
男工
男根
男王
男色
男身
町代
町外
町有
町次
町石
町道
画会
画分
画友
画号
画名
画商
画図
画地
画工
画帳
画意
画才
画数
画業
画科
画筆
画色
画角
画間
画院
界面
番太
番役
番線
病体
病前
病家
病期
病根
病母
病父
病牛
病相
病馬
病魚
病鳥
発引
発毛
発船
発語
発赤
発頭
発馬
発駅
登上
登園
登研
登花
登路
登高
白丁
白光
白指
白明
白板
白柱
白油
白炭
白点
白玉
白皮
白緑
白線
白羊
白肉
白詩
白話
白道
白雨
白面
白顔
白麦
皮体
皮内
皮切
皮板
皮毛
目今
目名
目読
直列
直受
直員
直弟
直投
直根
直毛
直用
直登
直配
直長
直門
直音
相人
相使
相公
相分
相動
相合
相土
相思
相悪
相者
相聞
相銀
県会
県文
県歌
真事
真作
真円
真刀
真向
真味
真字
真数
真気
真画
真神
真福
真読
真身
真風
着外
着数
着氷
着発
着肉
着車
矢石
知友
知命
知客
知州
知工
知心
知意
知日
知業
知歯
知米
知者
知足
短形
短急
短息
短才
短日
短柱
短毛
短生
短章
短笛
短見
短足
短音
短頭
石中
石人
石刀
石列
石化
石工
石文
石板
石火
石球
石画
石竹
石筆
石階
石面
石馬
研北
礼式
礼意
礼教
礼楽
礼物
礼者
礼部
礼電
社友
社号
社命
社家
社日
社歌
社用
社研
社章
社級
社線
社運
社頭
社風
社食
神人
神体
神使
神助
神号
神名
神君
神命
神品
神問
神地
神女
神州
神幸
神式
神役
神想
神感
神文
神族
神書
神歌
神気
神水
神火
神牛
神物
神王
神知
神算
神米
神色
神草
神行
神言
神語
神起
神足
神身
神遊
神都
神門
神階
神馬
祭主
祭事
祭場
祭天
祭室
祭式
祭服
祭火
祭酒
福分
福北
福家
福相
福者
福茶
福運
秋分
秋園
秋夕
秋思
秋日
秋明
秋期
秋林
秋気
秋陽
秋雨
秋雲
科名
科白
科研
科落
科長
秒時
究理
空名
空山
空後
空所
空理
空相
空石
空行
空谷
空走
空都
空電
立冬
立刀
立夏
立毛
立牛
立県
立礼
立秋
立米
立面
章京
章名
章草
童体
童形
童画
童詩
童遊
竹園
竹工
竹木
竹根
竹炭
竹皮
竹筆
竹紙
竹葉
竹門
竹頭
竹馬
笛声
笛音
筆下
筆名
筆意
筆才
筆木
筆生
筆画
筆紙
筆線
筆調
筆路
筆道
等号
等式
等方
等族
等時
等深
等温
等親
等角
等速
等黄
答練
算命
算数
米名
米商
米西
米語
米道
米銀
糸根
糸球
糸竹
糸速
紙代
紙名
紙商
紙工
紙帳
紙数
紙業
紙筆
紙花
紙葉
級友
級地
級数
級長
級間
細事
細作
細動
細大
細太
細毛
細流
細筆
細雨
終声
終夜
終曲
終板
終油
終発
終筆
終車
終駅
絵様
緑住
緑光
緑土
緑書
緑林
緑柱
緑水
緑玉
緑遊
緑酒
緑野
緑門
緑青
緑黒
線名
線図
線外
線心
線毛
線虫
練炭
練鉄
羊水
羊皮
羊肉
羊頭
美事
美名
美大
美想
美感
美文
美服
美本
美校
美水
美物
美犬
美玉
美田
美相
美神
美童
美肉
美育
美色
美言
美身
美音
習作
習字
習気
習風
考工
考見
耳根
耳石
耳道
聞持
肉交
肉代
肉林
肉柱
肉根
肉池
肉球
肉界
肉筆
育友
育林
育毛
育草
自今
自大
自局
自店
自強
自形
自心
自所
自服
自来
自校
自根
自歌
自毛
自注
自流
自消
自火
自用
自界
自相
自船
自落
自行
自読
自車
自遊
自重
自門
自院
自食
自館
船列
船医
船台
船手
船数
船級
船速
船運
色光
色名
色感
色界
色相
色神
色道
色面
色食
花下
花事
花台
花名
花実
花明
花林
花柱
花水
花石
花神
花竹
花肉
花葉
花虫
花門
花雨
花顔
苦受
苦土
苦役
苦海
苦界
苦茶
苦計
苦鳴
茶台
茶名
茶味
茶商
茶園
茶庭
茶書
茶気
茶礼
茶紙
茶通
茶金
茶頭
草体
草字
草屋
草書
草本
草根
草炭
草生
草画
草頭
草高
荷客
荷葉
落丁
落体
落想
落書
落月
落木
落橋
落水
落速
落重
落陽
落首
葉中
葉油
葉温
葉理
葉肉
葉身
葉部
葉重
薬力
薬医
薬名
薬園
薬大
薬室
薬帳
薬戸
薬王
薬石
薬研
薬礼
薬茶
薬酒
薬食
虫具
血中
血島
血海
血相
血肉
血路
血雨
血風
行住
行力
行学
行実
行数
行旅
行服
行礼
行章
行走
行雲
表内
表化
表号
表外
表式
表注
表流
表章
表色
西上
西土
西天
西客
西式
西旅
西来
西気
西流
西用
西語
見台
見神
親中
親北
親明
親油
親用
親筆
親電
親魚
角上
角回
角岩
角氷
角皮
角筆
角行
角通
角食
言中
言声
言外
言意
言者
言行
言表
言路
計理
計都
計面
記主
記実
記数
記文
詩体
詩友
詩客
詩家
詩形
詩思
詩想
詩意
詩才
詩曲
詩書
詩業
詩歌
詩注
詩神
詩章
詩草
詩行
詩話
詩語
詩酒
詩風
話声
話風
語問
語字
語意
語根
語業
語注
語言
読会
読心
調光
調号
調定
調役
調本
調活
調速
談理
谷戸
貝子
貝母
貝玉
貝葉
負号
負名
負数
買油
買電
買首
買魚
赤光
赤手
赤気
赤海
赤点
赤球
赤県
赤緑
赤血
赤道
赤雲
赤黒
走力
走化
走向
走時
起始
起式
起手
起重
起電
起首
足刀
足取
足心
足根
足歩
足玉
足部
足食
路村
路次
路温
路用
路車
路銀
路頭
身世
身中
身光
身力
身受
身命
身土
身後
身根
身業
身肉
車力
車声
車室
車番
車行
車速
車重
車長
車馬
転会
転動
転園
転場
転子
転帰
転想
転注
転相
転線
転語
転遠
転部
軽品
軽国
軽打
軽気
軽科
軽荷
軽重
軽音
軽風
農住
農内
農外
農戸
農書
農期
農本
農牛
農研
農神
農都
農電
近事
近医
近古
近国
近心
近思
近村
近来
近業
近歩
近流
近習
近門
返歌
返電
追号
追感
追福
追行
送油
送湯
送筆
通役
通数
通日
通板
通直
通研
通級
通線
通船
通谷
通身
通道
通音
通風
速筆
速算
週市
週数
週日
週次
週番
進前
進取
進止
進物
進相
進見
進角
進運
遊人
遊出
遊君
遊子
遊客
遊山
遊星
遊直
遊糸
遊船
遊行
遊走
遊農
遊金
運刀
運指
運数
運歩
運開
道力
道友
道台
道君
道員
道心
道服
道歌
道童
道者
道話
道都
道里
遠交
遠人
遠古
遠国
遠島
遠来
遠東
遠流
遠海
遠行
遠赤
部室
部練
部面
都外
都校
都計
都長
都門
都開
都電
配光
配向
配員
配字
配意
配所
配球
配船
酒化
酒友
酒名
酒品
酒客
酒家
酒心
酒数
酒母
酒池
酒石
酒神
酒肉
酒色
酒道
酒食
里合
里家
里正
里道
里長
重代
重列
重商
重土
重感
重星
重根
重水
重申
重病
重科
重言
重身
重農
重陽
重電
野乗
野人
野岩
野気
野牛
野白
野馬
金円
金力
金口
金員
金商
金字
金工
金帰
金晴
金板
金波
金湯
金牛
金相
金研
金神
金科
金糸
金緑
金線
金花
金葉
金言
金談
金鉄
金青
金風
金馬
鉄刀
鉄北
鉄地
鉄心
鉄木
鉄水
鉄球
鉄相
鉄石
鉄筆
鉄血
鉄部
鉄門
鉄馬
鉄魚
銀主
銀光
銀台
銀地
銀子
銀山
銀歯
銀白
銀皮
銀笛
銀筆
銀糸
銀緑
銀線
銀頭
銀馬
長上
長元
長円
長古
長夜
長弓
長形
長方
長日
長柱
長歌
長気
長流
長目
長石
長祭
長秋
長詩
長足
長近
長音
長頭
長風
長魚
長鼻
門主
門内
門地
門客
門数
門流
門番
門神
門葉
門道
門院
門頭
開三
開元
開大
開度
開式
開心
開方
開気
開物
開角
開道
開都
開陽
開音
開頭
開題
間知
間者
間色
間葉
間道
院主
院体
院号
院宮
院線
院門
陽動
陽地
陽守
陽数
陽明
陽春
陽月
陽根
陽池
陽火
陽物
陽生
陽画
陽葉
陽運
階乗
階名
階数
集住
集古
集品
集村
集気
集水
集王
集童
集線
集電
集音
集題
雨声
雨氷
雨温
雨花
雨読
雪中
雪夜
雪寒
雪庭
雪柱
雪氷
雪白
雪皮
雪線
雪花
雪虫
雪里
雪風
雪食
雲上
雲入
雲外
雲客
雲山
雲手
雲文
雲月
雲林
雲気
雲海
雲級
雲表
雲角
雲遊
雲雨
雲高
電場
電文
電植
電点
電界
電発
電神
電食
青光
青女
青書
青林
青氷
青波
青玉
青白
青石
青糸
青花
青面
青風
青黄
青黒
面向
面外
面心
面感
面朝
面色
面部
音字
音工
音形
音板
音注
音物
音転
音高
頭光
頭声
頭字
頭寒
頭板
頭毛
頭注
頭肉
頭薬
頭足
頭音
頭首
題号
題意
題画
題言
題詩
顔相
風体
風刀
風前
風向
風声
風寒
風度
風教
風月
風林
風橋
風気
風池
風波
風笛
風色
風角
風話
風鳥
食人
食医
食原
食台
食客
食思
食服
食気
食神
食育
食草
食葉
食虫
食農
食通
食間
食鳥
飲茶
館外
首服
首級
首部
首題
馬丁
馬代
馬体
馬具
馬前
馬名
馬正
馬歩
馬皮
馬着
馬耳
馬肉
馬足
馬速
馬頭
馬飲
駅丁
駅商
駅子
駅家
駅手
駅路
駅頭
駅館
高商
高女
高家
高工
高思
高文
高歌
高点
高秋
高空
高風
高鼻
魚口
魚味
魚形
魚文
魚族
魚服
魚板
魚油
魚田
魚病
魚皮
魚相
魚道
魚食
魚鳥
鳥人
鳥名
鳥声
鳥雲
鳴放
鳴鳥
麦角
麦雨
黄体
黄口
黄土
黄庭
黄水
黄玉
黄白
黄石
黄紙
黄線
黄血
黄道
黄顔
黄鳥
黒体
黒円
黒化
黒土
黒曜
黒書
黒楽
黒死
黒油
黒炭
黒点
黒球
黒緑
黒肉
黒表
黒雪
黒青
鼻下
鼻根
鼻道
上代
下体
中文
他日
全食
南船
合子
回流
図工
国記
地神
外様
大決
大流
実記
客乗
年調
年運
戸内
文福
新台
日運
春時
期定
本作
本時
水流
水都
流雪
消流
球速
石勝
等色
等高
答書
行書
行気
行金
走馬
道人
重軽
階調
雨雪
風調
上作
中音
中馬
会者
体用
前向
台車
国福
地生
売電
定分
帰線
所感
新受
日出
期首
正出
用薬
画道
石地
神出
神橋
西電
計帳
近見
通事
部名
開目
面内
中外
中新
京外
元歌
分行
右目
地本
山会
庭上
心音
意力
書作
校外
楽人
港長
物上
用方
画中
電工
世人
中力
元三
内空
原病
同金
学商
学農
当年
教組
日神
朝会
油化
生花
生金
相等
等活
語調
通人
銀波
上意
勝局
回運
声中
学同
後下
日内
日来
全局
分福
同走
国電
外事
始点
新教
東学
船社
計表
住区
全消
分都
台上
学人
工区
式次
画室
馬牛
全回
全高
女体
子院
日東
木玉
楽書
社数
美林
両組
中全
仕合
体大
円上
北朝
大風
定本
宿代
文理
本代
用金
画上
空家
農工
高所
人外
声聞
強国
後出
教区
理大
知母
終日
内事
友国
市銀
海港
会記
所化
点者
用人
光感
分所
当用
板上
正時
行頭
青天
手元
水明
県魚
都区
風通
上歩
国力
月下
洋風
社中
船場
人海
分町
原歌
大兄
定者
本実
番長
県木
話速
農林
遊魚
体表
正作
終期
聞役
見聞
車間
活路
行火
名文
家風
工科
神代
西人
馬歯
大行
島内
物化
等外
対語
火点
真理
上室
定速
当行
音間
人面
正使
肉屋
夜食
短打
館主
内実
商会
小生
中数
会下
新道
業病
海村
町地
空路
船客
調色
長生
同下
死球
線画
花畑
実根
役名
所当
終局
下図
世知
勝点
星天
社人
代地
分社
悪女
球界
人地
会所
外方
真上
化生
北上
半風
夜会
本屋
電業
山頭
庫内
番人
秋色
階下
外売
定日
門部
立市
体部
家地
県作
社地
力作
書中
文人
秒数
級化
赤黄
区会
所行
明文
水雲
言語
門生
州間
日文
星空
同通
息子
理科
長広
合人
屋戸
市庭
新主
行人
地学
大箱
花文
南三
北地
学祭
店長
楽界
短長
屋形
全品
石道
食分
他生
新古
新本
花月
落着
間八
光色
全車
大区
州道
新局
上文
向日
生研
高配
全年
車名
校内
両所
本工
来車
前行
回国
安売
岩屋
本通
身元
上回
同対
金運
上界
根部
港内
調度
人日
光子
内所
速度
飲屋
高名
国大
学名
小四
星学
大白
人部
会主
入水
出面
明度
空地
薬中
色白
工品
入金
神祭
苦手
先物
国地
大地
東地
大事
店数
海内
心線
商時
地決
月来
茶代
行場
部落
高二
目白
短文
行文
高大
会日
小文
後住
終章
言文
名店
正道
多生
右足
行客
足長
着駅
体色
田地
息気
日明
家人
道理
町屋
軽車
対面
真顔
風見
館長
父様
会員
国公
身体
左上
県農
社福
近作
助員
米式
主屋
母家
海市
全区
出前
炭火
練度
漢薬
金平
古生
会行
目安
当日
様相
真先
真青
表作
道家
上戸
温度
内国
糸口
内庭
北海
内港
当今
後金
土工
野見
線数
黄緑
両等
先後
新作
目玉
国漢
川下
表高
場外
学理
年時
本朝
湯守
用度
真物
行者
仕分
作中
内楽
引合
先度
魚場
細工
手近
買入
食事
声区
真丸
先安
口悪
大味
横広
毛深
直路
足弱
雨林
黒山
回春
神風
見出
鳥肉
分園
年高
大日
外分
大発
悪天
新日
火事
県南
切下
曲者
寒気
行間
記帳
山里
小味
当代
小六
新国
市都
流人
等電
組立
回生
番台
冬物
動体
同音
後行
原由
色度
色調
北半
日直
木地
真正
太山
町役
原理
気音
全地
安宿
元日
走路
前足
名工
両耳
新字
本金
正気
火線
安手
山水
手下
夏祭
小休
真冬
同作
動植
持出
春秋
海国
農作
同都
相同
所業
大公
人知
子指
分場
局間
左耳
太白
全期
同大
夏物
本立
取出
小事
表面
取消
小都
頭分
全科
業体
筆体
界線
小犬
火元
神前
鉄山
円安
力線
反物
和歌
全店
青色
右投
後味
王院
神鳴
区外
子牛
来社
東部
洋館
売行
国事
時下
全銀
面上
油紙
上家
国数
味気
多福
次手
大教
生国
西洋
島列
発心
地車
実理
道教
本教
用事
取組
品名
見所
人家
当会
合力
下生
体形
鉄色
入学
当地
行員
売人
上向
板本
少時
目上
文語
大光
後天
悪感
屋根
上着
雲母
南口
天漢
道先
大集
取下
大明
大洋
手役
記音
首根
体内
東半
波間
天神
客体
赤口
農会
湯屋
相方
着点
身外
黒星
右耳
国都
客土
男前
通語
円内
立木
物相
東口
直下
左目
早月
白目
氷室
小家
度数
雪国
中和
月中
下着
同所
形名
道着
心根
畑道
魚人
事大
外商
子役
着物
雲行
両地
問屋
夜業
夏休
時相
死体
薬屋
神酒
陽光
同和
引分
新王
何千
原地
色葉
父方
行手
見開
社主
青虫
分速
上面
教部
昭代
知合
大入
仕上
詩文
持運
西線
元朝
新京
集落
矢切
音色
下元
中味
仕方
作物
冬場
乗合
時化
部下
男物
家用
旅先
水鳥
小声
相当
点数
売物
洋医
楽家
山男
死金
見通
上天
売場
公家
山道
立方
黒目
名乗
市名
点目
他用
月見
立金
血道
鳴物
本市
所見
小春
両教
追手
島国
足高
受取
本事
木箱
足音
下部
歌声
石屋
肉食
国主
有林
馬子
赤色
高角
空屋
土筆
見立
上宿
急電
里親
手口
前歯
仕草
白丸
羽太
市上
本流
聞耳
晴着
茶館
頭打
出合
夜道
里人
女物
物音
右左
直中
横顔
真横
雪山
市水
勝星
大鳥
見返
買取
酒場
飲物
取立
米所
元売
秋空
体化
取調
指先
雲間
下草
水温
買春
切地
小花
早道
火柱
空箱
地人
見習
庭内
取決
口火
年玉
息物
下味
口車
日西
明後
上皿
先口
待合
対中
神薬
西京
実父
足軽
仕手
会式
多言
山波
船旅
旅路
町内
夜長
羽音
館員
山鳥
持前
内地
夕日
明主
村社
申出
引金
引鉄
文数
出会
出足
足場
夜目
大目
引受
宿屋
近体
男親
雪雲
青土
箱形
細形
小男
母方
切目
山場
家根
親指
岩戸
年子
同形
持味
親玉
赤毛
歯車
朝顔
風下
同文
小箱
旅話
書館
神通
雨雲
乗物
海気
親柱
明知
畑作
見晴
寺町
小鳥
正受
箱入
取次
仕入
坂道
真心
後口
同院
切花
湯水
黒船
気味
水虫
目頭
箱物
足湯
妹神
細雪
道引
持高
有楽
県北
死目
色味
入子
昔話
口先
夕市
大店
男湯
花祭
赤白
雨音
雨風
引落
星祭
花物
谷行
雨夜
首元
局車
表通
赤花
小魚
急足
中指
島船
水指
目先
里方
月白
色石
丸顔
夕陽
歯形
歯止
毛虫
親心
入物
小二
指物
聞手
聞物
表耳
西部
買主
長旅
丸形
出目
小顔
生身
軽口
切売
水音
目高
色里
前玉
大船
女心
安物
実名
平場
持場
玉虫
夜店
店先
早場
早足
真昼
入日
夕立
女手
岩場
持物
空耳
草色
草花
赤玉
近場
切長
受身
古様
女湯
根曲
物指
貝柱
赤丸
長雨
雨女
鼻水
大皿
強火
春物
板前
石頭
色町
子鳥
山女
横糸
湯飲
空売
立前
虫歯
年波
持主
板紙
流者
湯船
細身
飲水
鼻血
下心
兄神
切身
口笛
小皿
形代
毛色
水心
水物
深酒
湯気
牛女
聞書
色合
葉色
読物
遠目
酒手
青息
切味
切通
夜船
心太
打身
横車
波音
白波
緑物
赤青
軽石
陽線
顔立
円顔
受口
国作
土物
子守
弱火
後玉
思入
書取
根切
横笛
流矢
男手
色気
青豆
中庭
切口
北池
古顔
大麦
家路
手引
手持
手立
海牛
男坂
目薬
花入
足手
速歩
速足
雨戸
黒豆
鼻先
乗場
事始
受皿
外回
女坂
女組
寒空
幸先
強味
強身
手品
手船
申年
白夜
糸引
耳鳴
花組
薬指
語物
赤身
足指
間取
青皮
青鼻
鼻面
人里
勝組
受売
口取
古手
和物
売主
夕波
大引
天豆
守神
家船
小町
小鼻
山羊
山薬
岩角
岩魚
庭先
庭木
引波
手明
手玉
拾物
持手
晴間
有金
母心
毛皮
注油
深味
物売
理化
生首
発止
真前
空豆
船人
花平
苦虫
草分
葉先
葉数
語口
赤土
赤貝
身形
身重
野羊
野花
野道
金切
長刀
長話
魚心
黄身
鼻声
鼻持
上前
上口
上土
上板
上毛
上火
上糸
上紙
上船
上荷
上身
上風
下仕
下前
下取
下右
下屋
下左
下文
下木
下板
下歯
下湯
下火
下目
下糸
下羽
下葉
下身
世心
世波
中口
中右
中君
中売
中定
中州
中左
中池
中男
中着
中表
中買
中通
中黒
丸打
丸物
丸皿
丸目
丸石
丸竹
丸筆
丸葉
丸身
丸頭
丸首
丸麦
丸鼻
主水
主皿
乗手
乗打
事書
人声
人宿
人山
人待
人柱
人橋
人波
人買
人音
今方
仕出
仕口
仕向
仕打
仕物
休石
何屋
何心
何業
何色
元入
元受
元口
元湯
元玉
元箱
元黒
兄宮
先太
先箱
先細
先買
入歯
入海
入目
入相
公魚
内入
内店
内書
内湯
内神
内箱
冬日
冬木
冬着
冬空
冬草
冬道
冬青
冬鳥
出丸
出女
出州
出手
出湯
出玉
出花
出買
出里
出鼻
刀屋
刀自
刀豆
分里
切先
切取
切子
切岸
切戸
切水
切火
切炭
切畑
切石
切立
切紙
切羽
切金
切麦
前板
前神
前羽
前赤
力持
力水
力糸
力足
助船
勝味
勝虫
勝車
勝間
北組
午年
午時
南丸
南手
南様
南組
友引
反橋
反角
反身
取口
取木
取由
取皿
取石
取計
取高
受木
受流
受箱
口下
口入
口前
口合
口女
口広
口書
口白
口細
口足
口金
古寺
古歌
古池
古物
古糸
古血
古言
古鉄
右指
右横
右角
右頭
右顔
右首
合口
合着
合竹
名主
名子
名親
味女
味所
味酒
命毛
和毛
品書
品玉
商内
商場
問丸
国元
国引
国持
国神
国祭
国表
土取
土気
土波
土畑
土笛
土練
土船
土色
土車
土雲
場庭
売口
売声
売子
売家
売手
売立
売高
夏山
夏川
夏市
夏毛
夏氷
夏畑
夏着
夏空
夏色
夏花
夏雲
夏風
夏鳥
夕光
夕星
夕晴
夕月
夕空
夕雲
夕風
外庭
外書
外湯
外町
外目
外箱
外薬
外表
外足
外開
夜宮
夜寒
夜市
夜旅
夜昼
夜話
夜雨
夜顔
夜風
大息
大戸
大星
大歌
大波
大犬
大筆
大羽
大耳
大葉
大赤
大足
大酒
大顔
大首
天糸
太物
太糸
女宮
女山
女岩
女持
女文
女方
女時
女木
女歌
女気
女波
女童
女竹
女親
女車
女顔
妹山
姉神
子代
子年
子持
子方
子神
子羊
子耳
守刀
守宮
安酒
安魚
客神
宮人
宮守
宮所
宮持
宮方
宮柱
宮水
家形
家持
家数
家犬
家神
家童
宿元
宿木
宿着
宿船
寒夜
寺入
寺子
寺男
寺酒
小丸
小使
小切
小前
小力
小半
小君
小場
小女
小庭
小息
小昼
小柱
小根
小歌
小波
小童
小筆
小米
小羊
小者
小耳
小虫
小言
小足
小車
小面
小頭
小風
小首
局主
山人
山刀
山土
山坂
山子
山数
山方
山気
山犬
山立
山童
山豆
山雪
山面
山風
岩室
岩木
岩根
岩組
岩虫
岩道
岩面
島人
島守
島宮
島山
島歌
島酒
川柱
川止
川波
川港
川竹
川虫
川道
川音
川風
川魚
州元
左指
左角
左頭
左馬
左鼻
市正
市祭
平取
平打
平泳
平物
平皿
平筆
平箱
平組
平草
平虫
平豆
平貝
平首
平麦
年神
広前
広口
広山
広形
店子
店者
庫入
庭口
庭土
庭場
庭池
庭火
庭男
庭石
庭神
庭草
弓取
弓数
弓矢
弓頭
引戸
引時
引歌
引物
引目
引直
引船
弟切
弟宮
弟神
弟風
弱味
弱竹
弱虫
弱身
弱音
強紙
強面
当身
形板
待受
待橋
後入
後前
後山
後戸
後指
後朝
後祭
後言
息声
悪場
悪様
悪身
戸板
戸車
所書
手刀
手切
手向
手回
手心
手木
手植
手業
手水
手油
手湯
手球
手箱
手習
手花
手落
手負
手車
手長
手鼻
打交
打刀
打手
打橋
打消
打物
打荷
打豆
打音
投物
投首
拾屋
持口
持弓
指分
指手
指毛
指笛
指金
教草
数取
数物
文使
文月
文板
文箱
文色
文荷
文車
新室
新湯
新身
方人
方様
旅心
旅物
日切
日待
日次
日計
日足
日車
日長
日面
早出
早昼
早業
早玉
早耳
早見
早馬
明先
昔人
昔者
星下
星取
星合
星目
星神
星組
春方
春着
春鳥
昼中
昼酒
昼顔
曲木
曲物
曲玉
曲見
曲角
曲雲
書立
月代
月宮
月形
月星
月毛
月水
月男
月組
月草
月足
月酒
有合
朝北
朝寒
朝庭
朝昼
朝湯
朝空
朝酒
朝雲
朝風
木取
木守
木弓
木板
木柱
木笛
木組
木草
木表
木通
木雨
木鼻
本歌
本船
本鳥
本黒
村方
村男
村界
村祭
村路
村里
村雨
来手
東女
東歌
東男
東組
東路
東雲
東面
板場
板子
板屋
板引
板戸
板皿
板目
板石
板組
板間
板頭
柱下
柱間
根合
根太
根方
根明
根石
根竹
根雪
根魚
植人
植代
植女
業前
業物
横合
横引
横手
横木
横板
横根
横様
横波
横物
横石
横紙
横組
横羽
横足
横道
横雲
横面
横風
橋守
橋形
橋板
橋柱
橋祭
歌主
歌入
歌切
歌口
歌女
歌心
歌読
止刀
止金
歩板
歯先
歯切
歯黒
死口
死時
死水
死身
死返
死顔
死首
母牛
母物
母犬
母者
母虫
母馬
母鳥
毛先
毛引
毛流
毛玉
毛球
毛足
毛長
水切
水取
水子
水引
水柱
水次
水止
水氷
水油
水玉
水糸
水船
水薬
水計
水貝
水足
水青
水鼻
氷木
氷水
氷箱
氷雨
氷魚
池庭
油取
油子
油屋
油気
油火
油物
油皿
油草
油薬
油魚
波戸
波月
波板
波止
波路
波返
波雲
波風
活花
活魚
流物
海坂
海幸
海手
海暗
海色
海虫
海馬
海鳴
消口
消炭
深場
深手
深皿
深緑
深間
温湯
湯口
湯場
湯女
湯宿
湯次
湯波
湯玉
湯畑
湯立
湯花
湯葉
湯道
湯面
湯音
漢心
漢意
火先
火入
火切
火屋
火打
火玉
火皿
火祭
火色
火虫
火足
火雨
火食
炭取
炭屋
炭色
父主
父宮
父鳥
牛方
牛玉
牛顔
物原
物声
物日
犬屋
犬死
犬玉
犬走
犬顔
玉手
玉毛
玉章
玉箱
玉糸
球数
球足
生平
生木
生玉
生皮
生米
生糸
生足
生酒
生魚
田主
田事
田作
田打
田歌
田虫
田道
申口
申文
申次
男心
男持
男方
男木
男歌
男波
男神
男車
男道
町口
町場
町着
畑土
畑木
畑物
畑麦
番木
病犬
病葉
登口
白下
白場
白声
白太
白州
白根
白歯
白湯
白犬
白皿
白箱
白糸
白組
白練
白羽
白花
白豆
白赤
白首
白魚
皮目
皮身
皿形
皿数
皿板
目交
目光
目切
目力
目土
目打
目方
目星
目板
目細
目色
目角
目路
目近
目顔
目黄
目鼻
直心
相口
相宿
相物
相身
県主
真北
真南
真名
真土
真東
真水
真竹
真緑
真草
真西
真金
矢場
矢声
矢庭
矢形
矢数
矢文
矢来
矢玉
矢立
矢竹
矢羽
矢車
矢面
矢風
短夜
短手
石切
石女
石子
石宮
石宿
石弓
石持
石数
石根
石湯
石皿
石笛
石組
石豆
石音
研屋
神主
神口
神指
神有
神業
神池
神立
神虫
神鳥
秋上
秋味
秋夏
秋寒
秋晴
秋歌
秋物
秋顔
秋高
科戸
空合
空木
空橋
空池
空畑
空皿
空目
空船
空色
空買
空足
空身
空音
空馬
立庭
立引
立待
立文
立板
立業
立泳
童歌
童言
竹光
竹屋
竹矢
竹笛
竹足
笛竹
筆先
筆太
筆数
筆石
筆立
筆箱
箱下
箱宮
箱庭
箱書
箱球
箱男
箱船
箱馬
米場
米虫
糸入
糸切
糸所
糸方
糸玉
糸目
糸車
糸道
糸魚
紙入
紙切
紙女
紙子
紙屋
紙玉
紙皿
紙笛
紙箱
細口
細声
細引
細根
細波
細石
細糸
細葉
細道
細面
組下
組入
組外
組子
組手
組打
組木
組歌
組物
組糸
組頭
緑湯
緑組
緑花
緑葉
緑虫
練物
練糸
練色
羊男
羊草
羊雲
羽交
羽口
羽子
羽指
羽板
羽白
羽色
羽虫
羽車
羽風
耳上
耳横
耳毛
耳水
耳金
聞事
聞所
聞酒
船君
船子
船守
船宿
船屋
船形
船息
船方
船板
船歌
船玉
船着
船祭
船荷
船虫
船足
船路
船門
色事
色女
色子
色形
色数
色板
色止
色水
色物
色男
色糸
色虫
色見
色話
色遊
色音
花丸
花人
花友
花守
花宿
花市
花心
花数
花時
花板
花氷
花球
花立
花船
花草
花落
花豆
花車
花野
花首
苦竹
苦草
草入
草取
草市
草矢
草笛
草葉
草軽
草道
荷主
荷口
荷止
荷箱
荷船
荷足
荷車
荷馬
落人
落口
落方
落魚
葉守
葉形
葉月
葉水
葉物
葉竹
葉箱
葉虫
葉音
葉風
薬売
薬玉
薬箱
虫声
虫屋
虫気
虫湯
虫男
虫笛
虫草
虫薬
血刀
血合
血川
血目
血祭
血豆
行平
表口
表名
表店
表庭
表戸
表方
表書
表歌
表町
表目
表着
西入
西手
見取
見受
見目
親木
親本
親牛
親犬
親神
親船
親里
親雲
親馬
親鳥
角店
角弓
角書
角木
角目
角石
角笛
角貝
言事
言問
言草
語手
語草
語部
読人
読切
読手
調車
谷止
谷道
谷風
豆板
豆油
豆畑
豆皿
負方
負目
負組
買回
買板
買次
赤女
赤実
赤月
赤水
赤火
赤牛
赤犬
赤皮
赤目
赤箱
赤米
赤糸
赤紙
赤組
赤耳
赤葉
赤虫
赤豆
赤車
赤馬
赤魚
赤鼻
足切
足半
足形
足板
足業
足毛
足白
路角
身持
身柱
身皮
身空
車引
車牛
車男
軽子
軽市
軽業
近火
近矢
近間
追物
追金
追風
通庭
通箱
通草
速玉
遊部
道悪
道板
道火
道糸
道草
道角
遠年
遠火
遠矢
遠近
遠道
遠里
遠音
部曲
都人
都草
都落
都鳥
酒室
酒波
酒組
酒船
酒荷
里回
里川
里心
里田
里雪
重湯
重石
重立
重荷
野守
野川
野池
野点
野立
野面
野風
金元
金売
金気
金貝
金頭
鉄気
長手
長持
長板
長湯
長着
長虫
長言
長路
長道
門口
門火
間口
間合
間広
間日
間柱
間男
間着
雨気
雨男
雨皮
雨着
雨神
雨空
雨落
雨足
雨間
雪代
雪坂
雪女
雪平
雪持
雪明
雪気
雪水
雪消
雪玉
雪男
雪空
雪童
雪組
雪見
雪路
雪間
雪鳥
雲取
雲形
雲紙
雲足
雲路
雲鳥
青丸
青屋
青岸
青毛
青水
青海
青火
青物
青矢
青竹
青箱
青組
青緑
青羽
青草
青貝
青足
青身
青金
青首
青馬
青魚
青麦
面持
面水
面立
面長
音取
頭虫
顔形
顔毛
顔白
顔鳥
風待
風玉
風知
風草
風足
風音
飲助
飲口
首下
首先
首屋
首引
首板
首横
首祭
首落
馬宿
馬屋
馬市
馬形
馬指
馬方
馬柱
馬貝
馬追
馬長
馬面
馬顔
高声
高手
高持
高歯
高波
高草
高話
高足
魚子
魚止
魚皿
魚直
魚箱
魚荷
鳥子
鳥打
鳥毛
鳥男
鳥皮
鳥笛
鳥虫
鳥貝
鳥追
鳥頭
鳥首
鳴女
鳴神
麦湯
麦畑
麦秋
麦笛
黄丸
黄味
黄花
黄赤
黒味
黒女
黒戸
黒手
黒服
黒歌
黒毛
黒池
黒牛
黒物
黒犬
黒玉
黒皮
黒箱
黒糸
黒苦
黒血
黒貝
黒赤
黒酒
黒馬
黒鳥
黒麦
鼻元
鼻木
鼻柱
鼻横
鼻毛
鼻紙
鼻薬
鼻頭
中入
元高
出歯
力業
口遊
口開
小夜
山国
市日
引手
手人
死所
水場
水木
物書
生音
秋草
空荷
細魚
羊歯
花生
西東
西組
足太
開山
丸木
小木
局口
山幸
市人
東道
生水
生血
目見
間事
大市
後記
持金
活計
雲助
上町
内高
大神
年女
引下
手事
立神
中度
内人
大女
子馬
橋立
物事
立羽
近目
切首
山間
市女
打出
東屋
水先
白血
野寺
品数
夜鳴
根深
物見
受合
品部
曲家
書出
深部
生紙
田遊
石室
西半
戸人
戸前
人出
悪者
夜明
子中
引出
数多
新学
毛羽
車前
人天
楽地
申立
童部
大角
角形
有高
赤面
音屋
取手
県守
西陽
院家
売女
年式
年弱
白味
外公
小馬
数等
生薬
算式
野山
物持
真人
市鳥
待人
町橋
行幸
出先
心力
新社
白毛
行先
物入
合方
図記
下男
社前
魚市
同工
日光
水飲
村人
入方
夏場
小見
打首
頭目
馬道
取入
前宮
同話
外海
田植
新紙
西日
水様
中間
人死
画風
県人
鳥屋
竹刀
色目
川方
見直
下手
書箱
母音
生心
小路
受持
夕顔
後車
鉄船
左足
年強
度外
間人
調使
調室
川中
水行
全話
古里
平屋
空事
空言
大水
小一
西市
見場
生時
客船
後書
同部
小委
川前
黒色
形木
合間
細目
遠見
上世
山守
真後
文集
美味
死場
海女
青味
地味
高年
草地
大半
行年
入合
田楽
音数
洋上
文台
右下
所内
新木
花道
中市
同銀
門中
大君
読取
上等
南流
有光
目数
力紙
名分
声明
東入
気表
何回
何才
何本
州歌
計歩
言下
売出
村高
直会
落葉
中空
頭語
人前
駅数
生地
紙魚
波線
出立
車止
定書
感度
高遠
手打
上分
根原
手練
全生
画家
角力
食時
西風
元手
受入
正本
全学
来島
市長
音列
林家
内板
室内
重金
買上
元金
新風
聞方
太神
火取
通力
駅馬
立役
曲球
海山
形行
時鳥
白物
名水
宿直
助教
仕組
後先
音場
事代
水草
人屋
横線
野次
王子
年央
天明
両国
風土
同年
形相
上薬
短期
立心
外地
古文
長月
鳴声
馬手
当夜
心持
日数
川船
形気
後見
出船
洋語
原音
赤味
岩絵
業主
秋口
手書
化学
出生
美人
星形
大貝
館内
古事
風切
魚数
主計
教書
日金
新体
口切
出水
手番
丸柱
助言
車台
院子
小牛
山高
買手
入来
上根
商取
日当
当面
業者
名家
外線
終始
歌行
中店
受手
局内
小火
書人
鳴子
先見
目線
見番
後学
引取
夜祭
年会
医学
平安
道線
年祭
打目
礼文
語路
式神
本文
動中
読本
道会
大病
金目
通商
入社
合音
仕業
飲酒
日間
時世
米日
学館
入会
半紙
歌会
歌合
半天
半月
半道
門柱
和子
王者
春期
神楽
母子
章魚
竹取
高調
門家
湯元
実感
和国
後足
生有
時計
自作
内力
内線
小人
波打
持合
首打
上白
女工
打力
大子
前頭
中手
中足
走光
間氷
点火
水主
羽山
店屋
祭文
上手
白子
夜着
人中
夏草
中子
手方
正文
上下
日新
空手
何百
外面
中日
米中
緑色
黒米
大祭
集名
使主
町人
米朝
海草
北国
朝間
石取
人国
右打
温室
番所
空車
道外
鼻高
地力
弓形
期中
毛見
悪心
人力
鳥目
年男
谷町
真魚
広葉
馬力
平米
黒子
新宮
口部
秒間
合体
谷合
車屋
金持
長母
死者
高根
平西
薬事
大進
新役
夏秋
計数
赤金
黒白
金時
来週
東駅
白馬
光年
光日
左横
海里
馬身
出場
力学
有意
陽子
線内
声色
本手
町歩
全島
同小
市部
上歯
新球
水母
海月
人目
酒屋
注文
発足
本所
同業
古道
野手
流行
村役
生日
太子
会内
飲食
力感
工場
今人
工会
重手
黒石
花茶
園生
東市
線分
実物
洋式
章題
魚商
足先
新手
天地
体感
学者
鼻息
店売
雪道
波頭
多角
直筆
面体
生死
村外
草子
船主
相生
言葉
海鳥
同委
音声
他部
大雪
丸味
仕度
会長
人足
高地
山畑
早口
花木
表紙
目元
県市
水相
教会
医長
聞集
出店
学書
知県
薬学
花色
家主
女主
山神
市会
場中
頭部
図学
林地
顔学
人身
古着
川水
生命
西方
同体
詩学
美学
対南
平定
光学
山寺
歯学
神学
南学
実学
家学
心学
曲学
書学
林学
歌学
漢学
画学
秋風
音学
楽学
洋薬
朝夕
赤子
深重
同相
和学
京学
心事
本線
西学
入部
弓手
全社
西海
代人
見物
急坂
小五
聞屋
商学
役所
人文
区名
玉石
同右
動学
国学
大所
台場
美男
階子
薬品
立者
色身
山家
羽目
死人
両目
草紙
文言
区内
円柱
前立
川面
洋学
糸毛
大勝
通帳
北風
面目
昼夜
道学
後会
寒地
生業
男組
死様
足下
林内
出血
家集
知行
日朝
汽車
所用
明王
大金
先手
売店
童子
女王
知音
白身
木部
人君
年期
開先
品番
白雪
文科
黄金
学会
手本
色紙
小雪
漢詩
心会
出物
心意
母屋
海星
先方
雨水
小金
昼食
下水
客人
風花
女形
学力
立物
野路
教学
具合
古学
春風
新地
真弓
旅人
左右
毎週
黒雲
合板
語形
形見
頭下
羽先
書家
金主
薬代
楽園
春夏
前方
右前
店主
急悪
水車
木工
深雪
宿主
図星
上市
新緑
手入
宿駅
旅所
正油
人心
書面
勝目
母本
全人
同会
村内
日休
人台
半円
部活
校名
本学
小三
何気
学調
通手
火口
大農
流通
東方
手先
人形
水色
同書
門前
同病
重工
天理
地代
日米
品等
半期
大刀
親近
重光
空海
手足
市立
県中
薬湯
石庭
前同
意気
秋月
化物
国風
動力
正体
日和
顔色
写真
倍速
大字
数千
部長
字面
生計
火矢
火消
日夜
次式
水気
平目
地形
女神
高度
人体
夏日
夏木
山車
下女
名目
草木
前広
兄弟
駅間
全業
打数
同高
県下
院本
家内
曲中
真中
重苦
父母
戸部
引立
寒風
海雲
対空
海路
上級
東日
同中
黄色
天草
身内
親父
勝負
場数
軽乗
金色
高音
国原
新前
日子
本会
小雨
大声
天部
中古
代物
親等
地方
弟子
通路
荷重
家来
市区
外相
谷間
分間
学科
力者
全入
生物
男気
町立
水路
茶道
強力
何十
王女
日女
弱電
海風
東西
天下
大丸
品物
気配
波数
親子
地対
心地
多聞
区立
局長
社名
野犬
大根
夏冬
番手
月日
海面
内面
女友
後方
同次
持家
手間
金石
歌人
場代
平家
小屋
住地
人数
天花
洋人
春雨
草原
白紙
下半
葉山
太刀
横刀
線上
語中
図書
村立
外見
切手
表中
銀色
町村
筆頭
新章
全市
元首
島根
商人
用紙
名所
次会
園遊
場内
里子
人月
子音
左前
右手
大全
当金
海上
外国
表六
文目
弟妹
円心
秋野
理学
室長
何分
仕立
他人
人間
東館
後内
紙上
文体
正方
父君
長女
人気
式場
科学
間数
市大
少女
南島
前名
兄子
内反
口数
売玉
外反
実着
赤顔
電算
中計
主表
予実
交運
人鳥
今風
他化
他大
代員
休代
休出
体落
元方
公出
出糸
切上
反社
向心
味玉
夕活
多足
客運
工研
引去
放虫
族内
族外
月頭
有気
朝活
校下
死着
水血
湖北
理気
病代
病休
発番
県交
真球
石開
秋春
線表
羊角
肉店
茶具
薬工
表定
西館
角銀
買受
赤鉄
走水
走鳥
車号
転活
近地
近点
通教
配活
配算
野帳
野音
電研
年月
男女
人事
調子
室外
前路
金地
同地
字書
東風
大方
前部
酒代
朝食
薬店
水面
夕食
秋冬
数十
園地
左手
同組
後世
県西
声音
大理
同字
全都
漢代
上半
数百
仕切
業界
学部
大工
昼時
村会
地下
本分
上右
市子
院生
用水
物数
球部
客用
西高
家中
湖岸
着方
中高
女学
北線
女子
字名
字形
日中
母様
半目
晴明
曲目
下風
局数
語族
相反
橋下
語学
大人
実作
州内
国人
後目
門外
東海
大会
水道
口中
女役
客数
後人
語音
年百
音図
上左
新中
上階
木気
多分
村長
同学
人王
銀板
家本
発着
多国
同本
間期
同前
中小
車道
体上
部員
土日
曜日
上学
出方
用地
茶畑
火水
州立
人名
用具
重味
大外
地内
前駅
係長
小中
楽部
作目
気学
月毎
内外
王様
自社
食住
東高
日毎
港区
員数
国中
校生
長短
生年
自公
海空
語文
人対
高教
南中
市外
列当
都道
市中