年度
学校
時期
住居
冊子
創氏
空間
立場
背後
都市
雲油
不均
代取
刷毛
化薬
南門
器工
多答
大統
手取
打切
早雲
死産
測器
港運
生毛
真砂
神社
神習
緑園
装束
西門
読書
議政
谷地
走電
足球
転車
郡国
郡県
配荷
雑談
電技
電計
風積
黄犬
部分
文字
書方
時代
高値
日間
方法
部屋
試合
議長
半年
年内
住所
海岸
政府
大手
種類
大体
期間
部隊
動産
先生
種目
文化
人間
公園
長官
警察
目的
大学
部門
地区
独立
法人
前後
会社
他人
作業
委員
今年
区間
時間
国家
国立
軍人
差別
相手
得手
右中
現場
今後
商店
作品
手前
子供
病院
祝祭
中学
右側
出場
正面
中心
化学
自衛
貸借
市場
生産
温泉
名山
何月
利用
格好
当時
同県
流行
行政
親子
人類
女性
段階
博士
地方
高級
食後
再建
代表
方針
本社
品目
大寺
文書
無人
言語
案内
毎月
小手
男性
県都
生徒
水産
上位
最中
母音
中毒
射殺
省庁
複線
次長
意地
昼食
麦酒
出入
数字
開発
数学
朝日
国際
小学
左中
現金
木造